Start testing: Mar 05 01:51 UTC
----------------------------------------------------------
1/17 Testing: test_vmssys_syscall
1/17 Test: test_vmssys_syscall
Command: "/src/build-verify/bin/test_vmssys_syscall"
Directory: /src/build-verify/src/libvmssys
"test_vmssys_syscall" start time: Mar 05 01:51 UTC
Output:
----------------------------------------------------------
=== libvmssys syscall test ===
hello
  OK: write
  OK: getpid
  OK: clock_gettime
  OK: getcwd
  OK: openat/read/close
  OK: mmap/munmap
All syscall tests passed.
<end of output>
Test time =   0.00 sec
----------------------------------------------------------
Test Passed.
"test_vmssys_syscall" end time: Mar 05 01:51 UTC
"test_vmssys_syscall" time elapsed: 00:00:00
----------------------------------------------------------

2/17 Testing: test_vmssys_string
2/17 Test: test_vmssys_string
Command: "/src/build-verify/bin/test_vmssys_string"
Directory: /src/build-verify/src/libvmssys
"test_vmssys_string" start time: Mar 05 01:51 UTC
Output:
----------------------------------------------------------
=== libvmssys string test ===
  OK: strlen
  OK: strlen empty
  OK: strcmp equal
  OK: strcmp less
  OK: strcmp greater
  OK: strncmp equal prefix
  OK: strncmp diff
  OK: strcpy
  OK: strncpy
  OK: strchr found
  OK: strchr position
  OK: strrchr position
  OK: strchr not found
  OK: strstr found
  OK: strstr not found
  OK: memset
  OK: memcpy
  OK: memcmp equal
  OK: memcmp diff
  OK: toupper
  OK: tolower
  OK: strcasecmp
  OK: strcasecmp less
  OK: strtoul decimal
  OK: strtoul hex auto
  OK: strtoul octal auto
  OK: atoi positive
  OK: atoi negative
  OK: memmove overlap forward
  OK: isdigit
  OK: isdigit negative
  OK: isalpha
All string tests passed.
<end of output>
Test time =   0.00 sec
----------------------------------------------------------
Test Passed.
"test_vmssys_string" end time: Mar 05 01:51 UTC
"test_vmssys_string" time elapsed: 00:00:00
----------------------------------------------------------

3/17 Testing: test_vmssys_snprintf
3/17 Test: test_vmssys_snprintf
Command: "/src/build-verify/bin/test_vmssys_snprintf"
Directory: /src/build-verify/src/libvmssys
"test_vmssys_snprintf" start time: Mar 05 01:51 UTC
Output:
----------------------------------------------------------
=== libvmssys snprintf test ===
  OK: %d positive
  OK: %d negative
  OK: %u max
  OK: %x
  OK: %X
  OK: %o
  OK: %ld
  OK: %lu
  OK: %lx
  OK: %s
  OK: %c
  OK: %%
  OK: width 5
  OK: left-justify
  OK: zero-pad
  OK: plus flag
  OK: precision string
  OK: star width
  OK: star precision
  OK: %p
  OK: %s NULL
  OK: combined
  OK: truncation
All snprintf tests passed.
<end of output>
Test time =   0.00 sec
----------------------------------------------------------
Test Passed.
"test_vmssys_snprintf" end time: Mar 05 01:51 UTC
"test_vmssys_snprintf" time elapsed: 00:00:00
----------------------------------------------------------

4/17 Testing: test_vmssys_futex
4/17 Test: test_vmssys_futex
Command: "/src/build-verify/bin/test_vmssys_futex"
Directory: /src/build-verify/src/libvmssys
"test_vmssys_futex" start time: Mar 05 01:51 UTC
Output:
----------------------------------------------------------
=== libvmssys futex test ===
  OK: mutex lock/unlock
  OK: mutex trylock
  OK: condvar signal/broadcast (no waiters)
  OK: multi-threaded mutex (4 threads x 10000 iterations = 40000)
All futex tests passed.
<end of output>
Test time =   0.00 sec
----------------------------------------------------------
Test Passed.
"test_vmssys_futex" end time: Mar 05 01:51 UTC
"test_vmssys_futex" time elapsed: 00:00:00
----------------------------------------------------------

5/17 Testing: test_vmssys_stdio
5/17 Test: test_vmssys_stdio
Command: "/src/build-verify/bin/test_vmssys_stdio"
Directory: /src/build-verify/src/libvmssys
"test_vmssys_stdio" start time: Mar 05 01:51 UTC
Output:
----------------------------------------------------------
=== libvmssys stdio test ===
  OK: vms_printf
  OK: vms_fprintf to stderr
  OK: file write/read cycle
  OK: binary fwrite/fread
  OK: fseek/fgets
All stdio tests passed.
<end of output>
Test time =   0.00 sec
----------------------------------------------------------
Test Passed.
"test_vmssys_stdio" end time: Mar 05 01:51 UTC
"test_vmssys_stdio" time elapsed: 00:00:00
----------------------------------------------------------

6/17 Testing: test_vmssys_math
6/17 Test: test_vmssys_math
Command: "/src/build-verify/bin/test_vmssys_math"
Directory: /src/build-verify/src/libvmssys
"test_vmssys_math" start time: Mar 05 01:51 UTC
Output:
----------------------------------------------------------
=== libvmssys math test ===
  OK: fabs
  OK: floor
  OK: floor negative
  OK: ceil
  OK: ceil negative
  OK: sqrt(4)
  OK: sqrt(2)
  OK: sin(0)
  OK: cos(0)
  OK: exp(0)
  OK: exp(1)
  OK: log(1)
  OK: pow(2,10)
  OK: pow(x,0)
  OK: log10(100)
  OK: fmod(7,3)
  OK: atan2(1,1)
All math tests passed.
<end of output>
Test time =   0.00 sec
----------------------------------------------------------
Test Passed.
"test_vmssys_math" end time: Mar 05 01:51 UTC
"test_vmssys_math" time elapsed: 00:00:00
----------------------------------------------------------

7/17 Testing: test_vmssys_crt
7/17 Test: test_vmssys_crt
Command: "/src/build-verify/bin/test_vmssys_crt"
Directory: /src/build-verify/src/libvmssys
"test_vmssys_crt" start time: Mar 05 01:51 UTC
Output:
----------------------------------------------------------
=== libvmssys CRT bootstrap test ===
  OK: argc=1, argv[0]="/src/build-verify/bin/test_vmssys_crt"
  OK: getenv(PATH)="/usr/local/sbin:/usr/local/bin:/usr/sbin..."
  OK: page_size=4096
  OK: TLS variable read/write
  OK: getauxval(AT_PAGESZ)=4096
  OK: errno 0 -> SS$_NORMAL
  OK: ENOENT -> SS$_NOSUCHFILE
All CRT tests passed.
<end of output>
Test time =   0.00 sec
----------------------------------------------------------
Test Passed.
"test_vmssys_crt" end time: Mar 05 01:51 UTC
"test_vmssys_crt" time elapsed: 00:00:00
----------------------------------------------------------

8/17 Testing: test_libvms_fao
8/17 Test: test_libvms_fao
Command: "/src/build-verify/bin/test_libvms_fao"
Directory: /src/build-verify/tests/libvms
"test_libvms_fao" start time: Mar 05 01:51 UTC
Output:
----------------------------------------------------------
=== test_fao: sys$fao / sys$faol ===
Testing FAO literal passthrough...
  OK: status SS$_NORMAL
  OK: literal text preserved
  OK: literal with !! status SS$_NORMAL
  OK: !! produces single !
Testing FAO !UL directive...
  OK: !UL basic value
  OK: !UL zero
  OK: !UL UINT32_MAX
Testing FAO !SL directive...
  OK: !SL positive
  OK: !SL negative
Testing FAO !XL directive...
  OK: !XL hex uppercase
  OK: !XL zero
  OK: !XL 255 -> FF
Testing FAO !OL directive...
  OK: !OL 8 -> octal 10
  OK: !OL 0777 -> 777
Testing FAO !ZL directive...
  OK: !ZL always 8 chars
  OK: !ZL zero-padded decimal (255)
  OK: !ZL zero value
  OK: !ZL zero-padded decimal (42)
Testing FAO !AS directive...
  OK: !AS from descriptor
  OK: !AS empty descriptor
Testing FAO !AD directive...
  OK: !AD counted string
  OK: !AD zero length
Testing FAO special directives (!/ !_ !!)...
  OK: !/ produces newline
  OK: !_ produces tab
  OK: !! produces literal !
Testing FAO multiple directives...
  OK: multiple directives
Testing FAO buffer overflow detection...
  OK: overflow returns SS$_BUFFEROVF
Testing FAO null/invalid parameter handling...
  OK: null ctrstr returns SS$_BADPARAM
  OK: null outbuf returns SS$_BADPARAM
Testing FAO dynamic output descriptor...
  OK: dynamic outbuf status
  OK: dynamic outbuf outlen
  OK: dynamic outbuf content
All sys_fao tests passed.
<end of output>
Test time =   0.00 sec
----------------------------------------------------------
Test Passed.
"test_libvms_fao" end time: Mar 05 01:51 UTC
"test_libvms_fao" time elapsed: 00:00:00
----------------------------------------------------------

9/17 Testing: test_libvms_lib_vm
9/17 Test: test_libvms_lib_vm
Command: "/src/build-verify/bin/test_libvms_lib_vm"
Directory: /src/build-verify/tests/libvms
"test_libvms_lib_vm" start time: Mar 05 01:51 UTC
Output:
----------------------------------------------------------
=== test_lib_vm: lib$get_vm / lib$free_vm / zone ops ===
Testing lib$get_vm / lib$free_vm (default zone)...
  OK: lib$get_vm returns SS$_NORMAL
  OK: lib$get_vm sets non-null pointer
  OK: allocated memory is writable
  OK: lib$free_vm returns SS$_NORMAL
  OK: lib$free_vm clears pointer to NULL
Testing multiple small allocations...
  OK: get_vm small ok
  OK: get_vm small ok
  OK: get_vm small ok
  OK: get_vm small ok
  OK: get_vm small ok
  OK: get_vm small ok
  OK: get_vm small ok
  OK: get_vm small ok
  OK: small allocations are distinct
Testing large allocation (4096 bytes)...
  OK: large alloc returns SS$_NORMAL
  OK: large alloc pointer non-null
  OK: large allocation is writable
Testing lib$create_vm_zone / lib$delete_vm_zone...
  OK: create_vm_zone returns SS$_NORMAL
  OK: zone_id is non-zero (not default zone)
  OK: get_vm from custom zone
  OK: custom zone allocation non-null
  OK: custom zone memory writable
  OK: delete_vm_zone returns SS$_NORMAL
Testing that default zone (0) cannot be deleted...
  OK: delete zone 0 returns LIB$_BADZONE
Testing invalid zone ID handling...
  OK: get_vm with bad zone returns LIB$_BADZONE
  OK: ptr remains NULL on bad zone
Testing null parameter handling...
  OK: get_vm null size returns SS$_BADPARAM
  OK: get_vm null ptr returns SS$_BADPARAM
  OK: create_vm_zone null zone_id returns SS$_BADPARAM
  OK: delete_vm_zone null zone_id returns SS$_BADPARAM
Testing lib$get_vm_page / lib$free_vm_page...
  OK: get_vm_page returns SS$_NORMAL
  OK: get_vm_page pointer non-null
  OK: page allocation is writable
Testing lookaside list recycling...
  OK: first alloc ok
  OK: free ok (goes to lookaside)
  OK: ptr1 cleared
  OK: second alloc from lookaside ok
  OK: lookaside ptr non-null
  OK: recycled block is writable
All lib_vm tests passed.
<end of output>
Test time =   0.00 sec
----------------------------------------------------------
Test Passed.
"test_libvms_lib_vm" end time: Mar 05 01:51 UTC
"test_libvms_lib_vm" time elapsed: 00:00:00
----------------------------------------------------------

10/17 Testing: test_libvms_lib_bitops
10/17 Test: test_libvms_lib_bitops
Command: "/src/build-verify/bin/test_libvms_lib_bitops"
Directory: /src/build-verify/tests/libvms
"test_libvms_lib_bitops" start time: Mar 05 01:51 UTC
Output:
----------------------------------------------------------
=== test_lib_bitops: lib$extv, lib$extzv, lib$insv, lib$adawi, lib$bbcci, lib$bbssi ===
Testing lib$extzv (zero-extended bit field extract)...
  OK: extzv bits 1-3 of 0xCA = 5
  OK: extzv bit 0 of 0xCA = 0
  OK: extzv bit 7 of 0xCA = 1
  OK: extzv all 8 bits = 0xCA
  OK: extzv size 0 = 0
  OK: extzv cross-byte boundary
Testing lib$extv (sign-extended bit field extract)...
  OK: extv 0b1111 (4-bit) sign-extends to -1
  OK: extv 0b0000 (4-bit) sign-extends to 0
  OK: extv 3-bit all-ones sign-extends to -1
  OK: extv 3-bit positive stays positive
Testing lib$insv (bit field insert)...
  OK: insv returns SS$_NORMAL
  OK: insv 5 at bit 1 size 3
  OK: insv 0 clears bits 1-3
  OK: insv full byte at bit 0
  OK: insv cross-byte: upper bits of buf[0]
  OK: insv cross-byte: lower bits of buf[1]
  OK: insv size 0 is no-op
Testing lib$adawi (atomic add word)...
  OK: adawi returns SS$_NORMAL
  OK: adawi result = 15
  OK: adawi sign = +1 for positive result
  OK: adawi result = 0
  OK: adawi sign = 0 for zero result
  OK: adawi result = -7
  OK: adawi sign = -1 for negative result
  OK: adawi null add returns SS$_BADPARAM
Testing lib$bbcci / lib$bbssi (atomic bit ops)...
  OK: bbssi: old value was 0 (clear)
  OK: bbssi: bit 3 is now set
  OK: bbssi: old value was 1 (set)
  OK: bbcci: old value was 1 (set)
  OK: bbcci: bit 3 is now clear
  OK: bbcci: old value was 0 (clear)
  OK: bbssi: bit 8 sets LSB of byte 1
  OK: bbcci: bit 8 clears LSB of byte 1
  OK: bbssi null pos returns 0
  OK: bbcci null base returns 0
Testing bit 31 boundary conditions...
  OK: extzv bit 31 of 0x80000000 = 1
  OK: extv bit 31 sign-extended to -1
All lib_bitops tests passed.
<end of output>
Test time =   0.00 sec
----------------------------------------------------------
Test Passed.
"test_libvms_lib_bitops" end time: Mar 05 01:51 UTC
"test_libvms_lib_bitops" time elapsed: 00:00:00
----------------------------------------------------------

11/17 Testing: test_libvms_str_routines
11/17 Test: test_libvms_str_routines
Command: "/src/build-verify/bin/test_libvms_str_routines"
Directory: /src/build-verify/tests/libvms
"test_libvms_str_routines" start time: Mar 05 01:51 UTC
Output:
----------------------------------------------------------
=== test_str_routines: STR$ string RTL ===
Testing str$copy_dx (static to static)...
  OK: copy_dx static returns SS$_NORMAL
  OK: copy_dx: content copied
Testing str$copy_dx (static to dynamic)...
  OK: copy_dx dynamic returns SS$_NORMAL
  OK: copy_dx dynamic: length = 7
  OK: copy_dx dynamic: pointer allocated
  OK: copy_dx dynamic: content
  OK: free1_dx clears pointer
  OK: free1_dx clears length
Testing str$concat...
  OK: concat returns SS$_NORMAL
  OK: concat: length = 11
  OK: concat: content
  OK: concat with empty returns SS$_NORMAL
  OK: concat with empty: length = 5
  OK: concat with empty: content
Testing str$compare...
  OK: compare equal strings = 0
  OK: compare ABC < ABD
  OK: compare ABD > ABC
  OK: compare AB < ABC (shorter)
  OK: compare ABC > AB (longer)
Testing str$case_blind_compare...
  OK: case blind: hello == HELLO
  OK: case blind: hello == Hello
Testing str$trim...
  OK: trim returns SS$_NORMAL
  OK: trim: result_len = 5
  OK: trim: descriptor length = 5
  OK: trim: content is HELLO
  OK: trim all-spaces returns SS$_NORMAL
  OK: trim all-spaces: result_len = 0
Testing str$upcase...
  OK: upcase returns SS$_NORMAL
  OK: upcase: length preserved
  OK: upcase: content
  OK: upcase already-upper returns SS$_NORMAL
  OK: upcase already-upper: unchanged
Testing str$find_first_substring...
  OK: find_first_substring returns SS$_NORMAL
  OK: find_first_substring: index = 7 (1-based)
  OK: find_first_substring: sub_index = 1
  OK: find_first_substring not-found returns SS$_NORMAL
  OK: find_first_substring: index = 0 when not found
Testing str$match_wild...
  OK: match_wild *.TXT matches HELLO.TXT
  OK: match_wild *.TXT does not match HELLO.EXE
  OK: match_wild HEL%O matches HELLO
  OK: match_wild HEL%O matches HELXO
  OK: match_wild exact match
  OK: match_wild no trailing wildcard: no match
  OK: match_wild * matches anything
Testing str$ null parameter handling...
  OK: copy_dx null returns SS$_BADPARAM
  OK: concat null dest returns SS$_BADPARAM
  OK: trim null dest returns SS$_BADPARAM
  OK: upcase null dest returns SS$_BADPARAM
All str_routines tests passed.
<end of output>
Test time =   0.00 sec
----------------------------------------------------------
Test Passed.
"test_libvms_str_routines" end time: Mar 05 01:51 UTC
"test_libvms_str_routines" time elapsed: 00:00:00
----------------------------------------------------------

12/17 Testing: test_libvms_mth_routines
12/17 Test: test_libvms_mth_routines
Command: "/src/build-verify/bin/test_libvms_mth_routines"
Directory: /src/build-verify/tests/libvms
"test_libvms_mth_routines" start time: Mar 05 01:51 UTC
Output:
----------------------------------------------------------
=== test_mth_routines: MTH$ math RTL ===
Testing MTH$ trigonometric functions...
  OK: sin(0) = 0
  OK: cos(0) = 1
  OK: sin(pi/2) = 1
  OK: cos(pi/2) = 0
  OK: sin(pi) = 0
  OK: cos(pi) = -1
  OK: sin(pi/4) = sqrt(2)/2
  OK: cos(pi/4) = sqrt(2)/2
Testing MTH$ degree trig functions...
  OK: sind(0) = 0
  OK: cosd(0) = 1
  OK: sind(90) = 1
  OK: cosd(90) = 0
  OK: sind(45) = sqrt(2)/2
Testing mth$sqrt...
  OK: sqrt(4) = 2
  OK: sqrt(2) = 1.41421...
  OK: sqrt(0) = 0
  OK: sqrt(1) = 1
Testing mth$exp...
  OK: exp(0) = 1
  OK: exp(1) = e
  OK: exp(-1) = 1/e
Testing mth$alog (ln) and mth$alog10...
  OK: ln(1) = 0
  OK: ln(e) = 1
  OK: log10(100) = 2
  OK: log10(1) = 0
  OK: log10(10) = 1
Testing mth$abs...
  OK: abs(-3.14) = 3.14
  OK: abs(3.14) = 3.14
  OK: abs(0) = 0
Testing mth$power and mth$power_ji...
  OK: 2^10 = 1024
  OK: 3^0 = 1
  OK: 10^3 = 1000
  OK: power_ji 2^8 = 256
  OK: power_ji 5^0 = 1
  OK: power_ji 3^3 = 27
Testing mth$floor, mth$ceil, mth$nint...
  OK: floor(3.7) = 3
  OK: floor(-3.7) = -4
  OK: ceil(3.2) = 4
  OK: ceil(-3.2) = -3
  OK: nint(3.5) = 4
  OK: nint(2.4) = 2
  OK: nint(-1.5) = -2
Testing mth$min / mth$max...
  OK: min(3, 7) = 3
  OK: max(3, 7) = 7
  OK: min(-5, -2) = -5
  OK: max(-5, -2) = -2
  OK: min(0, 0) = 0
  OK: max(0, 0) = 0
Testing mth$atan2...
  OK: atan2(1,1) = pi/4
  OK: atan2(0,1) = 0
  OK: atan2(1,0) = pi/2
Testing mth$sincos...
  OK: sincos: sin(pi/3) = sqrt(3)/2
  OK: sincos: cos(pi/3) = 0.5
Testing mth$random...
  OK: random: r1 in [0, 1)
  OK: random: r2 in [0, 1)
  OK: random: consecutive values differ
  OK: random: same seed reproduces same sequence
All mth_routines tests passed.
<end of output>
Test time =   0.00 sec
----------------------------------------------------------
Test Passed.
"test_libvms_mth_routines" end time: Mar 05 01:51 UTC
"test_libvms_mth_routines" time elapsed: 00:00:00
----------------------------------------------------------

13/17 Testing: vmsprocess_unit
13/17 Test: vmsprocess_unit
Command: "/src/build-verify/bin/test_vmsprocess"
Directory: /src/build-verify/tests/vmsprocess
"vmsprocess_unit" start time: Mar 05 01:51 UTC
Output:
----------------------------------------------------------
=== vmsprocess unit tests ===

--- PCB creation and cleanup ---
  OK: vms_pcb_get returns NULL before init
  OK: vms_pcb_init returns non-NULL
  OK: vms_pcb_get returns same pointer as init
  OK: PCB self-pointer is correct
  OK: initial mode is PCB_MODE_USER
  OK: initial cur_privs is 0
  OK: initial perm_privs is 0
  OK: event flag cluster initially clear
  OK: event flag cluster initially clear
  OK: event flag cluster initially clear
  OK: event flag cluster initially clear
  OK: AST queue initially empty
  OK: AST queue initially enabled
  OK: AST queue initially empty
  OK: AST queue initially enabled
  OK: AST queue initially empty
  OK: AST queue initially enabled
  OK: AST queue initially empty
  OK: AST queue initially enabled
  OK: initial VMS PID is 0
  OK: initial UIC is 0
  OK: vms_pid set correctly
  OK: UIC set correctly
  OK: username set correctly
  OK: prcnam set correctly
  OK: default_dir set correctly
  OK: vms_pcb_get returns NULL after cleanup

--- privilege string parsing ---
  OK: TMPMBX parses to PRV$M_TMPMBX
  OK: SYSPRV parses to PRV$M_SYSPRV
  OK: BYPASS parses to PRV$M_BYPASS
  OK: sysprv (lowercase) parses correctly
  OK: mixed case TmPmBx parses correctly
  OK: TMPMBX,NETMBX parses to OR of both
  OK: OPER,SYSPRV,BYPASS parses to OR of three
  OK: ALL parses to PRV$M_ALL
  OK: all (lowercase) parses to PRV$M_ALL
  OK: NULL input returns 0
  OK: empty string returns 0
  OK: unknown privilege returns 0
  OK: mix of known+unknown: known bits set, unknown ignored
  OK: NETMBX
  OK: OPER
  OK: SETPRV
  OK: CMKRNL
  OK: CMEXEC
  OK: SYSNAM
  OK: GRPNAM
  OK: DETACH
  OK: ALTPRI
  OK: WORLD
  OK: GROUP
  OK: LOG_IO
  OK: PHY_IO

--- event flag operations ---
  OK: flag 0 initially clear
  OK: flag 1 initially clear
  OK: flag 31 initially clear
  OK: set flag 0: was clear
  OK: flag 0 is set after eflag_set
  OK: set flag 0 again: was set
  OK: clear flag 0: was set
  OK: flag 0 is clear after eflag_clear
  OK: flag 0 set in cluster
  OK: flag 1 set in cluster
  OK: flag 5 set in cluster
  OK: flag 2 clear in cluster
  OK: cluster 0 is all-zero after clearing
  OK: flag 32 (cluster 1, bit 0) is set
  OK: flag 0 (cluster 0) unaffected
  OK: flag 32 cleared
  OK: eflag_set out-of-range returns SS$_ILLEFC

--- AST queue operations ---
  OK: no pending ASTs initially
  OK: ASTs enabled initially
  OK: ast_queue succeeds
  OK: 1 pending AST after queue
  OK: second ast_queue succeeds
  OK: 2 pending ASTs after second queue
  OK: ASTs disabled after ast_set_enable(0)
  OK: ASTs re-enabled after ast_set_enable(1)
  OK: ast_queue with NULL handler fails
  OK: pending count is 0 after delivery
  OK: AST handler was called at least twice

All vmsprocess tests passed.
<end of output>
Test time =   0.00 sec
----------------------------------------------------------
Test Passed.
"vmsprocess_unit" end time: Mar 05 01:51 UTC
"vmsprocess_unit" time elapsed: 00:00:00
----------------------------------------------------------

14/17 Testing: vmslnm_unit
14/17 Test: vmslnm_unit
Command: "/src/build-verify/bin/test_vmslnm"
Directory: /src/build-verify/tests/vmslnm
"vmslnm_unit" start time: Mar 05 01:51 UTC
Output:
----------------------------------------------------------
=== vmslnm unit tests ===

--- lnm_init / lnm_shutdown ---
  OK: lnm_init returns non-NULL manager
  OK: process table initialized
  OK: job table initialized
  OK: group table initialized
  OK: system table initialized
  OK: lnm_shutdown completes without crash

--- lnm_create / lnm_translate / lnm_delete ---
  OK: lnm_create MY$LOGICAL in process table
  OK: lnm_translate MY$LOGICAL succeeds
  OK: translate result length correct
  OK: translate result is /tmp/testdir
  OK: case-insensitive lookup my$logical
  OK: case-insensitive lookup finds same value
  OK: translate non-existent returns failure
  OK: lnm_delete MY$LOGICAL succeeds
  OK: translate after delete fails

--- table hierarchy ---
  OK: create SYS$VOLUME in system table
  OK: create PROC$LOCAL in process table
  OK: translate SYS$VOLUME from system table
  OK: SYS$VOLUME resolves to /vms/dka0
  OK: PROC$LOCAL not found in system table
  OK: PROC$LOCAL found in process table
  OK: create SYS$VOLUME override in process table
  OK: process override of SYS$VOLUME found
  OK: process override value is /override
  OK: system SYS$VOLUME still accessible
  OK: system SYS$VOLUME unchanged

--- iterative translation ---
  OK: create FINAL$DIR
  OK: create MID$DIR -> FINAL$DIR
  OK: create START$DIR -> MID$DIR
  OK: iterative translate START$DIR
  OK: iterative result non-empty
  OK: non-iterative translate START$DIR
  OK: non-iterative gives first-level value MID$DIR

--- multiple equivalence strings ---
  OK: lnm_create_multi with 3 equivalences
  OK: translate VMS$SEARCH with multi-equiv succeeds
  OK: first equivalence is /vms/dka0
  OK: found process table

--- lnm_enumerate ---
  OK: lnm_enumerate returns success
  OK: enumerate visits at least 3 entries

All vmslnm tests passed.
<end of output>
Test time =   0.00 sec
----------------------------------------------------------
Test Passed.
"vmslnm_unit" end time: Mar 05 01:51 UTC
"vmslnm_unit" time elapsed: 00:00:00
----------------------------------------------------------

15/17 Testing: vmsfs_unit
15/17 Test: vmsfs_unit
Command: "/src/build-verify/bin/test_vmsfs"
Directory: /src/build-verify/tests/vmsfs
"vmsfs_unit" start time: Mar 05 01:51 UTC
Output:
----------------------------------------------------------
=== vmsfs unit tests ===

--- vmsfs_parse_filespec ---
  OK: parse LOGIN.COM;1 returns SS$_NORMAL
  OK: name is LOGIN
  OK: type is COM
  OK: version is 1
  OK: no device
  OK: no directory
  OK: no node
  OK: parse SYS$LOGIN:STARTUP.COM;2
  OK: device is SYS$LOGIN
  OK: name is STARTUP
  OK: type is COM
  OK: version is 2
  OK: parse DKA0:[USERS.BARON]LOGIN.COM;1
  OK: device is DKA0
  OK: directory is USERS.BARON
  OK: name is LOGIN
  OK: parse with node REMOTE::
  OK: node is REMOTE
  OK: device is DKA0 with node
  OK: parse TEST.DAT;0
  OK: version 0 (highest)
  OK: parse NOVERSION.TXT
  OK: no version flag when not specified
  OK: parse *.COM
  OK: is_wildcard set for *.COM
  OK: parse TEST%.DAT
  OK: is_wildcard set for TEST%.DAT
  OK: parse empty string is valid
  OK: parse NULL returns SS$_BADPARAM
  OK: parse with NULL result returns SS$_BADPARAM
  OK: parse lowercase myfile.dat;1
  OK: name is uppercased to MYFILE
  OK: type is uppercased to DAT

--- vmsfs_compose_filespec ---
  OK: parse for compose round-trip
  OK: compose returns SS$_NORMAL
  OK: compose output matches original
  OK: compose TEST.DAT;3
  OK: compose output is TEST.DAT;3
  OK: compose NOVERSION.COM (no version)
  OK: no version string in output
  OK: compose NULL parts returns SS$_BADPARAM
  OK: compose NULL result returns SS$_BADPARAM

--- vmsfs_translate_directory ---
  OK: translate USERS
  OK: USERS -> USERS
  OK: translate USERS.BARON.SUBDIR
  OK: USERS.BARON.SUBDIR -> USERS/BARON/SUBDIR
  OK: translate 000000 (MFD)
  OK: 000000 -> empty string (root)
  OK: translate - (parent)
  OK: - -> ..
  OK: translate -.SUB (parent+sub)
  OK: -.SUB -> ../SUB
  OK: translate .SUB (relative)
  OK: .SUB -> SUB
  OK: translate NULL dir returns SS$_BADPARAM
  OK: translate NULL out returns SS$_BADPARAM

--- vmsfs_wildcard_match ---
  OK: exact match case-insensitive
  OK: exact non-match
  OK: *.COM matches LOGIN.COM
  OK: *.COM matches STARTUP.COM
  OK: *.COM does not match LOGIN.DAT
  OK: * matches anything
  OK: LOG* matches LOGIN
  OK: LOG* does not match NOLOG
  OK: LOG%.COM matches LOGI.COM
  OK: LOG%.COM does not match LOGIT.COM (2 chars)
  OK: LOG%.COM does not match LOG.COM (0 chars)
  OK: NULL pattern returns 0
  OK: NULL name returns 0
  OK: SYS* matches SYSLOG
  OK: SYS* matches SYS (zero chars)

--- version management ---
  OK: highest version is 5
  OK: highest version for non-existent file <= 0
  OK: vmsfs_list_versions returns success
  OK: list_versions finds 3 versions
  OK: version 1 in list
  OK: version 2 in list
  OK: version 5 in list
  OK: vmsfs_purge_versions returns >= 0
  OK: highest version still 5 after purge
  OK: list_versions after purge returns success
  OK: only 1 version remains after purge-keep-1

All vmsfs tests passed.
<end of output>
Test time =   0.00 sec
----------------------------------------------------------
Test Passed.
"vmsfs_unit" end time: Mar 05 01:51 UTC
"vmsfs_unit" time elapsed: 00:00:00
----------------------------------------------------------

16/17 Testing: vmsrms_unit
16/17 Test: vmsrms_unit
Command: "/src/build-verify/bin/test_vmsrms"
Directory: /src/build-verify/tests/vmsrms
"vmsrms_unit" start time: Mar 05 01:51 UTC
Output:
----------------------------------------------------------
=== vmsrms unit tests ===

--- sys$parse ---
  OK: parse LOGIN.COM;1 returns NORMAL
  OK: name component length set
  OK: name component pointer set
  OK: type component length set
  OK: version component length set
  OK: name is LOGIN
  OK: type is .COM
  OK: parse [USERS.BARON]STARTUP.COM;2 returns NORMAL
  OK: directory component present
  OK: EXP_DIR flag set
  OK: parse NOEXT (no type) returns NORMAL
  OK: name present for NOEXT
  OK: parse *.COM;* returns NORMAL
  OK: wildcard flag set for *.COM;*
  OK: parse NULL FAB returns RMS$_FAB
  OK: parse with no NAM block returns RMS$_NAM

--- sys$create / sys$close ---
  OK: sys$create returns NORMAL
  OK: fab$l_sts is RMS$_CREATED after create
  OK: IFI assigned after create
  OK: linux fd is valid after create
  OK: sys$close returns NORMAL after create
  OK: linux fd is -1 after close
  OK: IFI cleared after close
  OK: file exists after create+close

--- sys$open / sys$close ---
  OK: sys$open returns NORMAL for existing file
  OK: fab$l_sts is NORMAL after open
  OK: IFI assigned after open
  OK: sys$close returns NORMAL after open
  OK: sys$open non-existent file returns RMS$_FNF

--- record I/O (connect/put/get/rewind/disconnect) ---
  OK: create record file
  OK: sys$connect returns NORMAL
  OK: ISI assigned after connect
  OK: sys$put record 1
  OK: sys$put record 2
  OK: sys$put record 3
  OK: sys$rewind returns NORMAL
  OK: offset is 0 after rewind
  OK: EOF cleared after rewind
  OK: sys$get record 1
  OK: record 1 size correct
  OK: record 1 content correct
  OK: sys$get record 2
  OK: record 2 size correct
  OK: record 2 content correct
  OK: sys$get record 3
  OK: record 3 size correct
  OK: record 3 content correct
  OK: sys$get at EOF returns RMS$_EOF
  OK: sys$disconnect returns NORMAL
  OK: ISI cleared after disconnect

--- fixed-length record I/O ---
  OK: create fixed-length file
  OK: sys$put fixed-length record
  OK: sys$put fixed-length record 2
  OK: sys$get fixed record 1
  OK: fixed record 1 size is 16
  OK: fixed record 1 content correct
  OK: sys$get fixed record 2
  OK: fixed record 2 size is 16
  OK: fixed record 2 content correct

All vmsrms tests passed.
<end of output>
Test time =   0.01 sec
----------------------------------------------------------
Test Passed.
"vmsrms_unit" end time: Mar 05 01:51 UTC
"vmsrms_unit" time elapsed: 00:00:00
----------------------------------------------------------

17/17 Testing: vmsssh_integration
17/17 Test: vmsssh_integration
Command: "/src/tests/vmsssh/test_vmsssh.sh"
Directory: /src
"vmsssh_integration" start time: Mar 05 01:51 UTC
Output:
----------------------------------------------------------
SKIP: Docker not available — vmsssh integration tests require Docker
<end of output>
Test time =   0.00 sec
----------------------------------------------------------
Test Passed.
"vmsssh_integration" end time: Mar 05 01:51 UTC
"vmsssh_integration" time elapsed: 00:00:00
----------------------------------------------------------

End testing: Mar 05 01:51 UTC

docker =   0.00 sec*proc

integration =   0.00 sec*proc

lnm =   0.00 sec*proc

process =   0.00 sec*proc

rms =   0.01 sec*proc

ssh =   0.00 sec*proc

unit =   0.02 sec*proc

vmsfs =   0.00 sec*proc

