Start testing: Feb 27 02:39 UTC
----------------------------------------------------------
Unable to find executable: /workspace/build-test/bin/test_vmssys_syscall
1/17 Testing: test_vmssys_syscall
1/17 Test: test_vmssys_syscall
Command: ""
Directory: /src/build-test/src/libvmssys
"test_vmssys_syscall" start time: 
Output:
----------------------------------------------------------
<end of output>
Test time =   0.00 sec
----------------------------------------------------------
Test Passed.
"test_vmssys_syscall" end time: Feb 27 02:39 UTC
"test_vmssys_syscall" time elapsed: 00:00:00
----------------------------------------------------------

Unable to find executable: /workspace/build-test/bin/test_vmssys_string
2/17 Testing: test_vmssys_string
2/17 Test: test_vmssys_string
Command: ""
Directory: /src/build-test/src/libvmssys
"test_vmssys_string" start time: 
Output:
----------------------------------------------------------
<end of output>
Test time =   0.00 sec
----------------------------------------------------------
Test Passed.
"test_vmssys_string" end time: Feb 27 02:39 UTC
"test_vmssys_string" time elapsed: 00:00:00
----------------------------------------------------------

Unable to find executable: /workspace/build-test/bin/test_vmssys_snprintf
3/17 Testing: test_vmssys_snprintf
3/17 Test: test_vmssys_snprintf
Command: ""
Directory: /src/build-test/src/libvmssys
"test_vmssys_snprintf" start time: 
Output:
----------------------------------------------------------
<end of output>
Test time =   0.00 sec
----------------------------------------------------------
Test Passed.
"test_vmssys_snprintf" end time: Feb 27 02:39 UTC
"test_vmssys_snprintf" time elapsed: 00:00:00
----------------------------------------------------------

Unable to find executable: /workspace/build-test/bin/test_vmssys_futex
4/17 Testing: test_vmssys_futex
4/17 Test: test_vmssys_futex
Command: ""
Directory: /src/build-test/src/libvmssys
"test_vmssys_futex" start time: 
Output:
----------------------------------------------------------
<end of output>
Test time =   0.00 sec
----------------------------------------------------------
Test Passed.
"test_vmssys_futex" end time: Feb 27 02:39 UTC
"test_vmssys_futex" time elapsed: 00:00:00
----------------------------------------------------------

Unable to find executable: /workspace/build-test/bin/test_vmssys_stdio
5/17 Testing: test_vmssys_stdio
5/17 Test: test_vmssys_stdio
Command: ""
Directory: /src/build-test/src/libvmssys
"test_vmssys_stdio" start time: 
Output:
----------------------------------------------------------
<end of output>
Test time =   0.00 sec
----------------------------------------------------------
Test Passed.
"test_vmssys_stdio" end time: Feb 27 02:39 UTC
"test_vmssys_stdio" time elapsed: 00:00:00
----------------------------------------------------------

Unable to find executable: /workspace/build-test/bin/test_vmssys_math
6/17 Testing: test_vmssys_math
6/17 Test: test_vmssys_math
Command: ""
Directory: /src/build-test/src/libvmssys
"test_vmssys_math" start time: 
Output:
----------------------------------------------------------
<end of output>
Test time =   0.00 sec
----------------------------------------------------------
Test Passed.
"test_vmssys_math" end time: Feb 27 02:39 UTC
"test_vmssys_math" time elapsed: 00:00:00
----------------------------------------------------------

Unable to find executable: /workspace/build-test/bin/test_vmssys_crt
7/17 Testing: test_vmssys_crt
7/17 Test: test_vmssys_crt
Command: ""
Directory: /src/build-test/src/libvmssys
"test_vmssys_crt" start time: 
Output:
----------------------------------------------------------
<end of output>
Test time =   0.00 sec
----------------------------------------------------------
Test Passed.
"test_vmssys_crt" end time: Feb 27 02:39 UTC
"test_vmssys_crt" time elapsed: 00:00:00
----------------------------------------------------------

Unable to find executable: /workspace/build-test/bin/test_libvms_fao
8/17 Testing: test_libvms_fao
8/17 Test: test_libvms_fao
Command: ""
Directory: /src/build-test/tests/libvms
"test_libvms_fao" start time: 
Output:
----------------------------------------------------------
<end of output>
Test time =   0.00 sec
----------------------------------------------------------
Test Passed.
"test_libvms_fao" end time: Feb 27 02:39 UTC
"test_libvms_fao" time elapsed: 00:00:00
----------------------------------------------------------

Unable to find executable: /workspace/build-test/bin/test_libvms_lib_vm
9/17 Testing: test_libvms_lib_vm
9/17 Test: test_libvms_lib_vm
Command: ""
Directory: /src/build-test/tests/libvms
"test_libvms_lib_vm" start time: 
Output:
----------------------------------------------------------
<end of output>
Test time =   0.00 sec
----------------------------------------------------------
Test Passed.
"test_libvms_lib_vm" end time: Feb 27 02:39 UTC
"test_libvms_lib_vm" time elapsed: 00:00:00
----------------------------------------------------------

Unable to find executable: /workspace/build-test/bin/test_libvms_lib_bitops
10/17 Testing: test_libvms_lib_bitops
10/17 Test: test_libvms_lib_bitops
Command: ""
Directory: /src/build-test/tests/libvms
"test_libvms_lib_bitops" start time: 
Output:
----------------------------------------------------------
<end of output>
Test time =   0.00 sec
----------------------------------------------------------
Test Passed.
"test_libvms_lib_bitops" end time: Feb 27 02:39 UTC
"test_libvms_lib_bitops" time elapsed: 00:00:00
----------------------------------------------------------

Unable to find executable: /workspace/build-test/bin/test_libvms_str_routines
11/17 Testing: test_libvms_str_routines
11/17 Test: test_libvms_str_routines
Command: ""
Directory: /src/build-test/tests/libvms
"test_libvms_str_routines" start time: 
Output:
----------------------------------------------------------
<end of output>
Test time =   0.00 sec
----------------------------------------------------------
Test Passed.
"test_libvms_str_routines" end time: Feb 27 02:39 UTC
"test_libvms_str_routines" time elapsed: 00:00:00
----------------------------------------------------------

Unable to find executable: /workspace/build-test/bin/test_libvms_mth_routines
12/17 Testing: test_libvms_mth_routines
12/17 Test: test_libvms_mth_routines
Command: ""
Directory: /src/build-test/tests/libvms
"test_libvms_mth_routines" start time: 
Output:
----------------------------------------------------------
<end of output>
Test time =   0.00 sec
----------------------------------------------------------
Test Passed.
"test_libvms_mth_routines" end time: Feb 27 02:39 UTC
"test_libvms_mth_routines" time elapsed: 00:00:00
----------------------------------------------------------

Unable to find executable: /workspace/build-test/bin/test_vmsprocess
13/17 Testing: vmsprocess_unit
13/17 Test: vmsprocess_unit
Command: ""
Directory: /src/build-test/tests/vmsprocess
"vmsprocess_unit" start time: 
Output:
----------------------------------------------------------
<end of output>
Test time =   0.00 sec
----------------------------------------------------------
Test Passed.
"vmsprocess_unit" end time: Feb 27 02:39 UTC
"vmsprocess_unit" time elapsed: 00:00:00
----------------------------------------------------------

Unable to find executable: /workspace/build-test/bin/test_vmslnm
14/17 Testing: vmslnm_unit
14/17 Test: vmslnm_unit
Command: ""
Directory: /src/build-test/tests/vmslnm
"vmslnm_unit" start time: 
Output:
----------------------------------------------------------
<end of output>
Test time =   0.00 sec
----------------------------------------------------------
Test Passed.
"vmslnm_unit" end time: Feb 27 02:39 UTC
"vmslnm_unit" time elapsed: 00:00:00
----------------------------------------------------------

Unable to find executable: /workspace/build-test/bin/test_vmsfs
15/17 Testing: vmsfs_unit
15/17 Test: vmsfs_unit
Command: ""
Directory: /src/build-test/tests/vmsfs
"vmsfs_unit" start time: 
Output:
----------------------------------------------------------
<end of output>
Test time =   0.00 sec
----------------------------------------------------------
Test Passed.
"vmsfs_unit" end time: Feb 27 02:39 UTC
"vmsfs_unit" time elapsed: 00:00:00
----------------------------------------------------------

Unable to find executable: /workspace/build-test/bin/test_vmsrms
16/17 Testing: vmsrms_unit
16/17 Test: vmsrms_unit
Command: ""
Directory: /src/build-test/tests/vmsrms
"vmsrms_unit" start time: 
Output:
----------------------------------------------------------
<end of output>
Test time =   0.00 sec
----------------------------------------------------------
Test Passed.
"vmsrms_unit" end time: Feb 27 02:39 UTC
"vmsrms_unit" time elapsed: 00:00:00
----------------------------------------------------------

Failed to change working directory to /workspace : No such file or directory
17/17 Testing: vmsssh_integration
17/17 Test: vmsssh_integration
Command: ""
Directory: /workspace
"vmsssh_integration" start time: 
Output:
----------------------------------------------------------
<end of output>
Test time =   0.00 sec
----------------------------------------------------------
Test Passed.
"vmsssh_integration" end time: Feb 27 02:39 UTC
"vmsssh_integration" time elapsed: 00:00:00
----------------------------------------------------------

End testing: Feb 27 02:39 UTC

docker =   0.00 sec*proc

integration =   0.00 sec*proc

lnm =   0.00 sec*proc

process =   0.00 sec*proc

rms =   0.00 sec*proc

ssh =   0.00 sec*proc

unit =   0.00 sec*proc

vmsfs =   0.00 sec*proc

