Start testing: Jul 28 20:57 EDT
----------------------------------------------------------
25/37 Testing: vmsrms_unit
25/37 Test: vmsrms_unit
Command: "/home/baron/projects/vms/.claude/worktrees/authenticity-inv1/build-local/bin/test_vmsrms"
Directory: /home/baron/projects/vms/.claude/worktrees/authenticity-inv1/build-local/tests/vmsrms
"vmsrms_unit" start time: Jul 28 20:57 EDT
Output:
----------------------------------------------------------
=== vmsrms unit tests ===

--- sys$parse ---
  OK: parse LOGIN.COM;1 returns NORMAL
  OK: name component length set
  OK: name component pointer set
  OK: type component length set
  OK: version component length set
  OK: name is LOGIN
  OK: type is .COM
  OK: parse [USERS.BARON]STARTUP.COM;2 returns NORMAL
  OK: directory component present
  OK: EXP_DIR flag set
  OK: parse NOEXT (no type) returns NORMAL
  OK: name present for NOEXT
  OK: parse *.COM;* returns NORMAL
  OK: wildcard flag set for *.COM;*
  OK: parse NULL FAB returns RMS$_FAB
  OK: parse with no NAM block returns RMS$_NAM

--- sys$create / sys$close ---
  OK: sys$create returns NORMAL
  OK: fab$l_sts is RMS$_CREATED after create
  OK: IFI assigned after create
  OK: linux fd is valid after create
  OK: sys$close returns NORMAL after create
  OK: linux fd is -1 after close
  OK: IFI cleared after close
  OK: file exists after create+close

--- sys$open / sys$close ---
  OK: sys$open returns NORMAL for existing file
  OK: fab$l_sts is NORMAL after open
  OK: IFI assigned after open
  OK: sys$close returns NORMAL after open
  OK: sys$open non-existent file returns RMS$_FNF

--- record I/O (connect/put/get/rewind/disconnect) ---
  OK: create record file
  OK: sys$connect returns NORMAL
  OK: ISI assigned after connect
  OK: sys$put record 1
  OK: sys$put record 2
  OK: sys$put record 3
  OK: sys$rewind returns NORMAL
  OK: offset is 0 after rewind
  OK: EOF cleared after rewind
  OK: sys$get record 1
  OK: record 1 size correct
  OK: record 1 content correct
  OK: sys$get record 2
  OK: record 2 size correct
  OK: record 2 content correct
  OK: sys$get record 3
  OK: record 3 size correct
  OK: record 3 content correct
  OK: sys$get at EOF returns RMS$_EOF
  OK: sys$disconnect returns NORMAL
  OK: ISI cleared after disconnect

--- fixed-length record I/O ---
  OK: create fixed-length file
  OK: sys$put fixed-length record
  OK: sys$put fixed-length record 2
  OK: sys$get fixed record 1
  OK: fixed record 1 size is 16
  OK: fixed record 1 content correct
  OK: sys$get fixed record 2
  OK: fixed record 2 size is 16
  OK: fixed record 2 content correct

All vmsrms tests passed.
<end of output>
Test time =   0.01 sec
----------------------------------------------------------
Test Passed.
"vmsrms_unit" end time: Jul 28 20:57 EDT
"vmsrms_unit" time elapsed: 00:00:00
----------------------------------------------------------

7/37 Testing: test_vmssys_futex
7/37 Test: test_vmssys_futex
Command: "/home/baron/projects/vms/.claude/worktrees/authenticity-inv1/build-local/bin/test_vmssys_futex"
Directory: /home/baron/projects/vms/.claude/worktrees/authenticity-inv1/build-local/src/libvmssys
"test_vmssys_futex" start time: Jul 28 20:57 EDT
Output:
----------------------------------------------------------
=== libvmssys futex test ===
  OK: mutex lock/unlock
  OK: mutex trylock
  OK: condvar signal/broadcast (no waiters)
  OK: multi-process mutex (4 procs x 10000 iterations = 40000)
All futex tests passed.
<end of output>
Test time =   0.00 sec
----------------------------------------------------------
Test Passed.
"test_vmssys_futex" end time: Jul 28 20:57 EDT
"test_vmssys_futex" time elapsed: 00:00:00
----------------------------------------------------------

21/37 Testing: test_libvms_identity
21/37 Test: test_libvms_identity
Command: "/home/baron/projects/vms/.claude/worktrees/authenticity-inv1/build-local/bin/test_libvms_identity"
Directory: /home/baron/projects/vms/.claude/worktrees/authenticity-inv1/build-local/tests/libvms
"test_libvms_identity" start time: Jul 28 20:57 EDT
Output:
----------------------------------------------------------
=== test_identity (INV-1: identity SSOT + login banners) ===
Brand identity (human surfaces, INV-0):
  OK: ovmx_product_version() is the OVMX product version
  OK: human banner names OVMX
  OK: human banner carries the INV-0 'OpenVMS-compatible' badge
  OK: human banner does not open by claiming to BE OpenVMS
  OK: human banner does not assert VSI's trademark symbol
VMS-compat identity (machine surfaces, true-to-arch):
  OK: hw arch reports AARCH64
  OK: ARM has no VMS lineage
  OK: ARM reports OVMX's own version, not a fabricated VMS version
  OK: ARM does not claim an x86-64 VMS version
  OK: compat version is a V-prefixed VMS-style token
  OK: compat version is no longer the hardcoded V7.3
Node identity:
  OK: ovmx_node_name() returns the configured SCSNODE
  OK: ovmx_node_name() is not the Linux hostname
  OK: ovmx_node_name() falls back to the OVMX default node name
Node identity buffer safety:
  OK: undersized buffer is NUL-terminated
  OK: undersized buffer does not overflow
  OK: zero-length buffer is left untouched
  OK: NULL/zero-length arguments do not crash
SYS$WELCOME (post-login banner):
  OK: undefined SYS$WELCOME falls back to the built-in OVMX banner
  OK: built-in welcome carries the INV-0 badge
  OK: built-in welcome no longer shows the hardcoded V7.3
  OK: defined SYS$WELCOME overrides the built-in banner
  OK: an overridden welcome does not also print the built-in
  OK: deassigning SYS$WELCOME restores the built-in banner
SYS$WELCOME '@file' form (multi-line site banner):
  OK: '@file' displays the file's contents verbatim (multi-line)
  OK: '@ file' tolerates space after the '@'
  OK: '@missing-file' prints nothing (no errno/Linux-path leak)
SYS$ANNOUNCE (pre-login banner):
  OK: undefined SYS$ANNOUNCE prints nothing (VMS default is silence)
  OK: defined SYS$ANNOUNCE is displayed before the Username: prompt
test_identity: 0 failure(s)
<end of output>
Test time =   0.00 sec
----------------------------------------------------------
Test Passed.
"test_libvms_identity" end time: Jul 28 20:57 EDT
"test_libvms_identity" time elapsed: 00:00:00
----------------------------------------------------------

3/37 Testing: identity_ssot_gate
3/37 Test: identity_ssot_gate
Command: "/home/baron/projects/vms/.claude/worktrees/authenticity-inv1/tests/integration/test_identity_ssot.sh" "/home/baron/projects/vms/.claude/worktrees/authenticity-inv1"
Directory: /home/baron/projects/vms/.claude/worktrees/authenticity-inv1/build-local
"identity_ssot_gate" start time: Jul 28 20:57 EDT
Output:
----------------------------------------------------------
INV-1 identity SSOT gate: scanning for hardcoded version literals
  OK: no hardcoded version literals in src/ or tools/
  OK: STARTUP.COM carries no hardcoded version
  OK: SYLOGICALS.CONF carries no hardcoded version
  OK: vms_login.c resolves SYS$WELCOME
  OK: vmssshd.c resolves SYS$WELCOME
INV-1 identity SSOT gate: PASS
<end of output>
Test time =   0.02 sec
----------------------------------------------------------
Test Passed.
"identity_ssot_gate" end time: Jul 28 20:57 EDT
"identity_ssot_gate" time elapsed: 00:00:00
----------------------------------------------------------

37/37 Testing: install_utility
37/37 Test: install_utility
Command: "/home/baron/projects/vms/.claude/worktrees/authenticity-inv1/src/install/test/run_install_test.sh"
Directory: /home/baron/projects/vms/.claude/worktrees/authenticity-inv1/build-local/src/install
"install_utility" start time: Jul 28 20:57 EDT
Output:
----------------------------------------------------------
== INSTALL ADD ==
%INSTALL-I-ADDED, TESTLIB$SHR.EXE installed

== INSTALL LIST ==

Known Image List

TESTLIB$SHR.EXE                  OPEN SHARED HEADER_RESIDENT

== INSTALL LIST /FULL ==

Known Image List

TESTLIB$SHR.EXE
    File:       /vms/SYS0/SYSCOMMON/SYSLIB/TESTLIB$SHR.EXE
    Attributes: OPEN SHARED HEADER_RESIDENT
    GSMATCH:    op=0, 0.0

== standalone lookup module finds the INSTALL-registered image (mmap MAP_SHARED) ==
FOUND: TESTLIB$SHR.EXE -> /vms/SYS0/SYSCOMMON/SYSLIB/TESTLIB$SHR.EXE (flags=0x7)

== INSTALL REMOVE ==
%INSTALL-I-REMOVED, TESTLIB$SHR.EXE removed

== INSTALL LIST after REMOVE (must not show the image) ==
%INSTALL-I-NOIMAGES, no images installed

== lookup module no longer finds the de-registered image ==
OK: lookup no longer finds TESTLIB$SHR.EXE (IMGACT would fall back to filesystem search)

ALL INSTALL UTILITY TESTS PASSED
<end of output>
Test time =   0.03 sec
----------------------------------------------------------
Test Passed.
"install_utility" end time: Jul 28 20:57 EDT
"install_utility" time elapsed: 00:00:00
----------------------------------------------------------

26/37 Testing: vmsqueue_unit
26/37 Test: vmsqueue_unit
Command: "/home/baron/projects/vms/.claude/worktrees/authenticity-inv1/build-local/bin/test_vmsqueue"
Directory: /home/baron/projects/vms/.claude/worktrees/authenticity-inv1/build-local/tests/vmsqueue
"vmsqueue_unit" start time: Jul 28 20:57 EDT
Output:
----------------------------------------------------------
=== VMS Queue Manager Unit Tests ===

PASS [1]: vmsq_init succeeds
PASS [2]: create SYS$BATCH queue
PASS [3]: duplicate queue name rejected
PASS [4]: show SYS$BATCH succeeds
PASS [5]: queue type is BATCH
PASS [6]: queue status is STARTED
PASS [7]: queue has 0 entries initially
PASS [8]: submit job 1 (LOGIN.COM)
PASS [9]: submit job 2 (BACKUP.COM)
PASS [10]: submit job 3 (CLEANUP.COM)
PASS [11]: entry IDs are sequential
PASS [12]: show_entries succeeds
PASS [13]: 3 entries in SYS$BATCH
PASS [14]: show_queue after submits
PASS [15]: queue reports 3 entries
PASS [16]: show_entry for job 1
PASS [17]: job 1 name is LOGIN.COM
PASS [18]: job 1 user is SYSTEM
PASS [19]: job 1 status is PENDING
PASS [20]: job 1 has non-zero submit time
PASS [21]: show_entries before delete
PASS [22]: still 3 entries before delete
PASS [23]: delete entry succeeds
PASS [24]: show_entries after delete
PASS [25]: 2 entries remain after delete
PASS [26]: deleted entry not found
PASS [27]: show_queue after delete
PASS [28]: queue reports 2 entries after delete
PASS [29]: show_entries for hold test
PASS [30]: at least 1 entry for hold test
PASS [31]: hold_entry succeeds
PASS [32]: show held entry
PASS [33]: entry status is HOLDING
PASS [34]: release_entry succeeds
PASS [35]: show released entry
PASS [36]: entry status back to PENDING
PASS [37]: show_entries before close
PASS [38]: vmsq_init after reopen
PASS [39]: queue survives close/reopen
PASS [40]: queue type preserved
PASS [41]: show_entries after reopen
PASS [42]: entry count preserved across reopen
PASS [43]: entry ID preserved
PASS [44]: job name preserved
PASS [45]: entry ID preserved
PASS [46]: job name preserved
PASS [47]: delete non-existent queue fails
PASS [48]: create SYS$PRINT
PASS [49]: delete SYS$PRINT
PASS [50]: deleted queue not found

=== Results: 50/50 passed ===
<end of output>
Test time =   0.00 sec
----------------------------------------------------------
Test Passed.
"vmsqueue_unit" end time: Jul 28 20:57 EDT
"vmsqueue_unit" time elapsed: 00:00:00
----------------------------------------------------------

23/37 Testing: vmslnm_unit
23/37 Test: vmslnm_unit
Command: "/home/baron/projects/vms/.claude/worktrees/authenticity-inv1/build-local/bin/test_vmslnm"
Directory: /home/baron/projects/vms/.claude/worktrees/authenticity-inv1/build-local/tests/vmslnm
"vmslnm_unit" start time: Jul 28 20:57 EDT
Output:
----------------------------------------------------------
=== vmslnm unit tests ===

--- lnm_init / lnm_shutdown ---
  OK: lnm_init returns non-NULL manager
  OK: process table initialized
  OK: job table initialized
  OK: group table initialized
  OK: system table initialized
  OK: lnm_shutdown completes without crash

--- lnm_create / lnm_translate / lnm_delete ---
  OK: lnm_create MY$LOGICAL in process table
  OK: lnm_translate MY$LOGICAL succeeds
  OK: translate result length correct
  OK: translate result is /tmp/testdir
  OK: case-insensitive lookup my$logical
  OK: case-insensitive lookup finds same value
  OK: translate non-existent returns failure
  OK: lnm_delete MY$LOGICAL succeeds
  OK: translate after delete fails

--- table hierarchy ---
  OK: create SYS$VOLUME in system table
  OK: create PROC$LOCAL in process table
  OK: translate SYS$VOLUME from system table
  OK: SYS$VOLUME resolves to /vms/dka0
  OK: PROC$LOCAL not found in system table
  OK: PROC$LOCAL found in process table
  OK: create SYS$VOLUME override in process table
  OK: process override of SYS$VOLUME found
  OK: process override value is /override
  OK: system SYS$VOLUME still accessible
  OK: system SYS$VOLUME unchanged

--- iterative translation ---
  OK: create FINAL$DIR
  OK: create MID$DIR -> FINAL$DIR
  OK: create START$DIR -> MID$DIR
  OK: iterative translate START$DIR
  OK: iterative result non-empty
  OK: non-iterative translate START$DIR
  OK: non-iterative gives first-level value MID$DIR

--- multiple equivalence strings ---
  OK: lnm_create_multi with 3 equivalences
  OK: translate VMS$SEARCH with multi-equiv succeeds
  OK: first equivalence is /vms/dka0
  OK: found process table

--- lnm_enumerate ---
  OK: lnm_enumerate returns success
  OK: enumerate visits at least 3 entries

All vmslnm tests passed.
<end of output>
Test time =   0.00 sec
----------------------------------------------------------
Test Passed.
"vmslnm_unit" end time: Jul 28 20:57 EDT
"vmslnm_unit" time elapsed: 00:00:00
----------------------------------------------------------

12/37 Testing: test_libvms_lib_vm
12/37 Test: test_libvms_lib_vm
Command: "/home/baron/projects/vms/.claude/worktrees/authenticity-inv1/build-local/bin/test_libvms_lib_vm"
Directory: /home/baron/projects/vms/.claude/worktrees/authenticity-inv1/build-local/tests/libvms
"test_libvms_lib_vm" start time: Jul 28 20:57 EDT
Output:
----------------------------------------------------------
=== test_lib_vm: lib$get_vm / lib$free_vm / zone ops ===
Testing lib$get_vm / lib$free_vm (default zone)...
  OK: lib$get_vm returns SS$_NORMAL
  OK: lib$get_vm sets non-null pointer
  OK: allocated memory is writable
  OK: lib$free_vm returns SS$_NORMAL
  OK: lib$free_vm clears pointer to NULL
Testing multiple small allocations...
  OK: get_vm small ok
  OK: get_vm small ok
  OK: get_vm small ok
  OK: get_vm small ok
  OK: get_vm small ok
  OK: get_vm small ok
  OK: get_vm small ok
  OK: get_vm small ok
  OK: small allocations are distinct
Testing large allocation (4096 bytes)...
  OK: large alloc returns SS$_NORMAL
  OK: large alloc pointer non-null
  OK: large allocation is writable
Testing lib$create_vm_zone / lib$delete_vm_zone...
  OK: create_vm_zone returns SS$_NORMAL
  OK: zone_id is non-zero (not default zone)
  OK: get_vm from custom zone
  OK: custom zone allocation non-null
  OK: custom zone memory writable
  OK: delete_vm_zone returns SS$_NORMAL
Testing that default zone (0) cannot be deleted...
  OK: delete zone 0 returns LIB$_BADZONE
Testing invalid zone ID handling...
  OK: get_vm with bad zone returns LIB$_BADZONE
  OK: ptr remains NULL on bad zone
Testing null parameter handling...
  OK: get_vm null size returns SS$_BADPARAM
  OK: get_vm null ptr returns SS$_BADPARAM
  OK: create_vm_zone null zone_id returns SS$_BADPARAM
  OK: delete_vm_zone null zone_id returns SS$_BADPARAM
Testing lib$get_vm_page / lib$free_vm_page...
  OK: get_vm_page returns SS$_NORMAL
  OK: get_vm_page pointer non-null
  OK: page allocation is writable
Testing lookaside list recycling...
  OK: first alloc ok
  OK: free ok (goes to lookaside)
  OK: ptr1 cleared
  OK: second alloc from lookaside ok
  OK: lookaside ptr non-null
  OK: recycled block is writable
All lib_vm tests passed.
<end of output>
Test time =   0.00 sec
----------------------------------------------------------
Test Passed.
"test_libvms_lib_vm" end time: Jul 28 20:57 EDT
"test_libvms_lib_vm" time elapsed: 00:00:00
----------------------------------------------------------

22/37 Testing: vmsprocess_unit
22/37 Test: vmsprocess_unit
Command: "/home/baron/projects/vms/.claude/worktrees/authenticity-inv1/build-local/bin/test_vmsprocess"
Directory: /home/baron/projects/vms/.claude/worktrees/authenticity-inv1/build-local/tests/vmsprocess
"vmsprocess_unit" start time: Jul 28 20:57 EDT
Output:
----------------------------------------------------------
=== vmsprocess unit tests ===

--- PCB creation and cleanup ---
  OK: vms_pcb_get returns NULL before init
  OK: vms_pcb_init returns non-NULL
  OK: vms_pcb_get returns same pointer as init
  OK: PCB self-pointer is correct
  OK: initial mode is PCB_MODE_USER
  OK: initial cur_privs is 0
  OK: initial perm_privs is 0
  OK: event flag cluster initially clear
  OK: event flag cluster initially clear
  OK: event flag cluster initially clear
  OK: event flag cluster initially clear
  OK: AST queue initially empty
  OK: AST queue initially enabled
  OK: AST queue initially empty
  OK: AST queue initially enabled
  OK: AST queue initially empty
  OK: AST queue initially enabled
  OK: AST queue initially empty
  OK: AST queue initially enabled
  OK: initial VMS PID is 0
  OK: initial UIC is 0
  OK: vms_pid set correctly
  OK: UIC set correctly
  OK: username set correctly
  OK: prcnam set correctly
  OK: default_dir set correctly
  OK: vms_pcb_get returns NULL after cleanup

--- privilege string parsing ---
  OK: TMPMBX parses to PRV$M_TMPMBX
  OK: SYSPRV parses to PRV$M_SYSPRV
  OK: BYPASS parses to PRV$M_BYPASS
  OK: sysprv (lowercase) parses correctly
  OK: mixed case TmPmBx parses correctly
  OK: TMPMBX,NETMBX parses to OR of both
  OK: OPER,SYSPRV,BYPASS parses to OR of three
  OK: ALL parses to PRV$M_ALL
  OK: all (lowercase) parses to PRV$M_ALL
  OK: NULL input returns 0
  OK: empty string returns 0
  OK: unknown privilege returns 0
  OK: mix of known+unknown: known bits set, unknown ignored
  OK: NETMBX
  OK: OPER
  OK: SETPRV
  OK: CMKRNL
  OK: CMEXEC
  OK: SYSNAM
  OK: GRPNAM
  OK: DETACH
  OK: ALTPRI
  OK: WORLD
  OK: GROUP
  OK: LOG_IO
  OK: PHY_IO

--- UIC format/parse ---
  OK: vms_format_uic([1,4]) == "[001,004]"
  OK: vms_parse_uic round-trips vms_format_uic output
  OK: vms_parse_uic accepts bracket-free "1,4"
  OK: vms_parse_uic round-trips [377,012]
  OK: vms_format_uic(0) == "[000,000]"
  OK: vms_parse_uic("[000,000]") == 0
  OK: vms_parse_uic(NULL) == 0
  OK: vms_parse_uic("garbage") == 0
  OK: vms_format_uic tolerates NULL/zero-size buffer

--- vms_pid_from_linux ---
  OK: vms_pid_from_linux(1234) == 1234
  OK: vms_pid_from_linux(getpid()) == (uint32_t)getpid()

--- event flag operations ---
  OK: flag 0 initially clear
  OK: flag 1 initially clear
  OK: flag 31 initially clear
  OK: set flag 0: was clear
  OK: flag 0 is set after eflag_set
  OK: set flag 0 again: was set
  OK: clear flag 0: was set
  OK: flag 0 is clear after eflag_clear
  OK: flag 0 set in cluster
  OK: flag 1 set in cluster
  OK: flag 5 set in cluster
  OK: flag 2 clear in cluster
  OK: cluster 0 is all-zero after clearing
  OK: flag 32 (cluster 1, bit 0) is set
  OK: flag 0 (cluster 0) unaffected
  OK: flag 32 cleared
  OK: eflag_set out-of-range returns SS$_ILLEFC

--- AST queue operations ---
  OK: no pending ASTs initially
  OK: ASTs enabled initially
  OK: ast_queue succeeds
  OK: 1 pending AST after queue
  OK: second ast_queue succeeds
  OK: 2 pending ASTs after second queue
  OK: ASTs disabled after ast_set_enable(0)
  OK: ASTs re-enabled after ast_set_enable(1)
  OK: ast_queue with NULL handler fails
  OK: pending count is 0 after delivery
  OK: AST handler was called at least twice

--- vms_get_current_process ---
  OK: vms_get_current_process returns non-NULL
  OK: current process linux_pid == getpid()
  OK: current process vms_pid reflects PCB identity
  OK: current process uic reflects PCB identity
  OK: current process username reflects PCB identity
  OK: current process prcnam reflects PCB identity
  OK: vms_get_current_process returns non-NULL with no PCB
  OK: no-PCB current process linux_pid == getpid()
  OK: no-PCB current process vms_pid falls back to vms_pid_from_linux(getpid())

All vmsprocess tests passed.
<end of output>
Test time =   0.00 sec
----------------------------------------------------------
Test Passed.
"vmsprocess_unit" end time: Jul 28 20:57 EDT
"vmsprocess_unit" time elapsed: 00:00:00
----------------------------------------------------------

33/37 Testing: vmsscs_dir_unit
33/37 Test: vmsscs_dir_unit
Command: "/home/baron/projects/vms/.claude/worktrees/authenticity-inv1/build-local/bin/test_scs_dir"
Directory: /home/baron/projects/vms/.claude/worktrees/authenticity-inv1/build-local/tests/vmsscs
"vmsscs_dir_unit" start time: Jul 28 20:57 EDT
Output:
----------------------------------------------------------
test_scs_dir: SCS$DIRECTORY connect + SCS$DIR_LOOKUP (vms-246)
[parse real captured directory frames]
  OK: parse SCA#21 ok
  OK: SCA#21 opcode 0x5b fmt 0x13 (GROUNDED)
  OK: SCA#21 total SCA len 110
  OK: SCA#21 remote Con.ID 0 (peer's not yet known, GROUNDED)
  OK: SCA#21 local Con.ID 0x63050008 (VAX1 dir handle, GROUNDED)
  OK: SCA#21 queried name 'SCS$DIRECTORY' (GROUNDED)
  OK: SCA#21 classified as SCS$DIRECTORY CONNECT-REQUEST
  OK: SCA#21 not a lookup request
  OK: parse SCA#29 ok
  OK: SCA#29 directory-operation [46:48] == 0x0a (lookup, inferred)
  OK: SCA#29 queried name 'MSCP$TAPE' (GROUNDED)
  OK: SCA#29 result field all-zero => it is a REQUEST (GROUNDED)
  OK: SCA#29 classified as lookup REQUEST
  OK: parse SCA#37 ok
  OK: SCA#37 opcode 0x4b (lookups switch to 0x4b, GROUNDED)
  OK: SCA#37 queried name 'VMS$VAXcluster' (GROUNDED)
  OK: SCA#37 classified as lookup REQUEST
  OK: parse SCA#31 ok
  OK: SCA#31 result field non-zero => it is a RESPONSE
  OK: SCA#31 (a response) NOT classified as a request
  OK: parse live MSCP$TAPE request ok
  OK: live request op == 0x0a
  OK: live request result field is NON-zero (unlike golden SCA#29)
  OK: live request [58:62] marker == 0 (request)
  OK: live request classified as lookup REQUEST via marker (NOT result_zero)
  OK: live request addresses OVMX dir handle 0x4F580007
  OK: NULL frame rejected
  OK: too-short frame rejected
[build SCS$DIRECTORY CONNECT-RESPONSE]
  OK: build_connect_response succeeds
  OK: Ethernet dst == peer MAC
  OK: Ethernet src == OVMX HW MAC
  OK: ethertype 0x6007
  OK: SCA length 0x006c (total 110)
  OK: SCA dest logical == peer_logical (abs 16)
  OK: SCA src logical == OVMX HW MAC (abs 24)
  OK: opcode 0x5b, format 0x13 (abs 30/31, GROUNDED)
  OK: Remote Con.ID == peer's dir handle (abs 64, echoed)
  OK: Local Con.ID == OVMX's dir handle (abs 68)
  OK: Local Con.ID is non-zero (own handle supplied -> pair bound)
  OK: recv_ack [18:20] == 3
  OK: send_seq [20:22] == 4
  OK: send_seq mirror [30:32] == 4 (GROUNDED == [20:22])
  OK: recv_ack mirror [26:28] == 3
  OK: [24:26] == 18 (NISCS_LAN_OVRHD, GROUNDED)
  OK: inner length [42:44] == payload-44 == 66 (GROUNDED)
  OK: directory-operation [46:48] == 2 (CONNECT-RESPONSE, replayed)
  OK: name [62:78] == 'SCS$DIR_LOOKUP'
  OK: result [78:94] == 'SCS$DIRECTORY'
  OK: parse our CONNECT-RESPONSE ok
  OK: round-trip Con.ID pair matches
  OK: build_connect_echo succeeds
  OK: echo opcode 0x5b
  OK: echo Remote Con.ID == peer handle (abs 64)
  OK: echo Local Con.ID == 0 (own not yet assigned, GROUNDED)
  OK: echo directory-operation [46:48] == 1 (replayed)
  OK: NULL params rejected
  OK: NULL params rejected (echo)
[build SCS$DIR_LOOKUP response]
  OK: build_lookup_response (affirmative) succeeds
  OK: opcode echoed 0x4b, format 0x13
  OK: Remote Con.ID == peer dir handle (abs 64)
  OK: Local Con.ID == OVMX dir handle (abs 68)
  OK: directory-operation [46:48] == 0x0a (echoed)
  OK: [58:62] response marker 0x00000001
  OK: queried name echoed into [62:78]
  OK: result [78:94] == VMS$VAXcluster descriptor (SCA#38 replay)
  OK: send_seq [20:22] == 6
  OK: send_seq mirror [30:32] == 6
  OK: build_lookup_response (negative) succeeds
  OK: negative opcode echoed 0x5b
  OK: name echoed 'MSCP$TAPE'
  OK: result [78:94] == 'NOT PRESENT HERE' (GROUNDED negative marker, spec 4h(2))
  OK: NULL params rejected
[established-join node-incarnation echo into [22:24] (spec sec 4i)]
  OK: build response (incarnation=0)
  OK: [22:24] == 1 when incarnation=0 (fresh golden preserved)
  OK: build response (incarnation=3)
  OK: [22:24] == 3 echoed (established-join, observed off the wire)
  OK: send_seq mirror [30:32] still == send_seq (2), not the incarnation
  OK: send_seq [20:22] unaffected by incarnation echo
  OK: build echo (incarnation=3)
  OK: echo [22:24] == 3 echoed
  OK: build lookup response (incarnation=3)
  OK: lookup response [22:24] == 3 echoed
test_scs_dir: 0 failure(s)
<end of output>
Test time =   0.00 sec
----------------------------------------------------------
Test Passed.
"vmsscs_dir_unit" end time: Jul 28 20:57 EDT
"vmsscs_dir_unit" time elapsed: 00:00:00
----------------------------------------------------------

18/37 Testing: test_libvms_lib_fb3
18/37 Test: test_libvms_lib_fb3
Command: "/home/baron/projects/vms/.claude/worktrees/authenticity-inv1/build-local/bin/test_libvms_lib_fb3"
Directory: /home/baron/projects/vms/.claude/worktrees/authenticity-inv1/build-local/tests/libvms
"test_libvms_lib_fb3" start time: Jul 28 20:57 EDT
Output:
----------------------------------------------------------
%SYSTEM-S-NORMAL, normal successful completion
  normal successful completion
%SYSTEM-S-NORMAL, normal successful completion
  normal successful completion
=== test_lib_fb3: vms-fb3 conformance-gap batch (round 2) ===
Testing lib$sys_asctim...
  OK: sys$gettim seeds the GENERIC_64 for lib$sys_asctim
  OK: lib$sys_asctim returns SS$_NORMAL
  OK: lib$sys_asctim writes a 23-char VMS timestamp
  OK: lib$sys_asctim formats DD-MMM-YYYY
  OK: lib$sys_asctim(NULL timadr) returns SS$_NORMAL
Testing sys$deltva_64...
  OK: sys$expreg allocates memory to delete
  OK: sys$deltva_64 returns SS$_NORMAL
  OK: sys$deltva_64 echoes the start address
  OK: sys$deltva_64 echoes the byte length
  OK: sys$deltva_64(NULL inadr) returns SS$_BADPARAM
  OK: sys$deltva_64(0 bytlen) returns SS$_BADPARAM
Testing lib$getdvi...
  OK: lib$getdvi returns SS$_NORMAL
  OK: sys$getdvi (direct) returns SS$_NORMAL
  OK: lib$getdvi agrees with a direct sys$getdvi call
  OK: lib$getdvi(NULL item_code) returns SS$_BADPARAM
Testing sys$dgblsc...
  OK: sys$dgblsc returns SS$_NORMAL
  OK: sys$dgblsc(NULL gsdnam) returns SS$_BADPARAM
Testing sys$device_scan...
  OK: sys$device_scan terminates (loop guard)
  OK: sys$device_scan terminates (loop guard)
  OK: sys$device_scan terminates (loop guard)
  OK: sys$device_scan terminates (loop guard)
  OK: sys$device_scan('*') enumerates at least one device
  OK: sys$device_scan exhausts the list with SS$_NOMOREDEV
  OK: sys$device_scan with no matches returns SS$_NOSUCHDEV
  OK: sys$device_scan with DVS$_DEVCLASS=DC$_TERM finds a terminal
  OK: sys$device_scan(NULL devnam) returns SS$_BADPARAM
Testing sys$unwind...
  OK: sys$unwind with an empty handler chain is a safe no-op
  OK: lib$signal returns SS$_NORMAL after handler runs
  OK: the established handler ran and called sys$unwind
  OK: the handler saw the signaled condition
  OK: sys$unwind's pop is durable - the handler is gone after unwind
  OK: sys$unwind(&0, NULL) returns SS$_NORMAL
  OK: sys$unwind(&0,...) cleared the handler chain down to depth 0
Testing sys$lkwset / sys$ulwset...
  OK: sys$lkwset returns SS$_NORMAL
  OK: sys$lkwset echoes the start address
  OK: sys$ulwset returns SS$_NORMAL
  OK: sys$lkwset(NULL inadr) returns SS$_BADPARAM
  OK: sys$ulwset(NULL inadr) returns SS$_BADPARAM

38/38 assertions passed.
All lib_fb3 tests passed.
<end of output>
Test time =   0.00 sec
----------------------------------------------------------
Test Passed.
"test_libvms_lib_fb3" end time: Jul 28 20:57 EDT
"test_libvms_lib_fb3" time elapsed: 00:00:00
----------------------------------------------------------

34/37 Testing: vmsscs_member_unit
34/37 Test: vmsscs_member_unit
Command: "/home/baron/projects/vms/.claude/worktrees/authenticity-inv1/build-local/bin/test_scs_member"
Directory: /home/baron/projects/vms/.claude/worktrees/authenticity-inv1/build-local/tests/vmsscs
"vmsscs_member_unit" start time: Jul 28 20:57 EDT
Output:
----------------------------------------------------------
test_scs_member: ALL PASSED
<end of output>
Test time =   0.00 sec
----------------------------------------------------------
Test Passed.
"vmsscs_member_unit" end time: Jul 28 20:57 EDT
"vmsscs_member_unit" time elapsed: 00:00:00
----------------------------------------------------------

10/37 Testing: test_vmssys_crt
10/37 Test: test_vmssys_crt
Command: "/home/baron/projects/vms/.claude/worktrees/authenticity-inv1/build-local/bin/test_vmssys_crt"
Directory: /home/baron/projects/vms/.claude/worktrees/authenticity-inv1/build-local/src/libvmssys
"test_vmssys_crt" start time: Jul 28 20:57 EDT
Output:
----------------------------------------------------------
=== libvmssys CRT bootstrap test ===
  OK: argc=1, argv[0]="/home/baron/projects/vms/.claude/worktrees/authenticity-inv1/build-local/bin/test_vmssys_crt"
  OK: getenv(PATH)="/home/baron/.local/bin:/home/baron/.loca..."
  OK: page_size=4096
  OK: TLS variable read/write
  OK: getauxval(AT_PAGESZ)=4096
  OK: errno 0 -> SS$_NORMAL
  OK: ENOENT -> SS$_NOSUCHFILE
All CRT tests passed.
<end of output>
Test time =   0.01 sec
----------------------------------------------------------
Test Passed.
"test_vmssys_crt" end time: Jul 28 20:57 EDT
"test_vmssys_crt" time elapsed: 00:00:00
----------------------------------------------------------

29/37 Testing: vmsscs_hello_unit
29/37 Test: vmsscs_hello_unit
Command: "/home/baron/projects/vms/.claude/worktrees/authenticity-inv1/build-local/bin/test_scs_hello"
Directory: /home/baron/projects/vms/.claude/worktrees/authenticity-inv1/build-local/tests/vmsscs
"vmsscs_hello_unit" start time: Jul 28 20:57 EDT
Output:
----------------------------------------------------------
test_scs_hello: HELLO frame byte-layout (vms-b62)
  OK: scs_hello_multicast_addr(1) == AB-00-04-01-01-01
  OK: scs_hello_build_frame succeeds
  OK: Ethernet dst == cluster multicast addr
  OK: Ethernet src == OVMX HW MAC
  OK: Ethertype == 0x6007
  OK: SCA length field == 0x0076 (-> total 120, GROUNDED)
  OK: dest/group logical addr == cluster multicast addr (GROUNDED)
  OK: connect flag == 0x0001 (observed constant)
  OK: src logical addr == OVMX HW MAC (GROUNDED location)
  OK: per-frame word == 0xa000 (multicast, inferred-constant)
  OK: constant prefix == 08 00 00 80 (inferred-constant)
  OK: message-class byte == 0x05 (HELLO)
  OK: constant suffix == 01 00 00 (inferred-constant)
  OK: node-name length prefix == 6 (GROUNDED)
  OK: node name == 'OVMX  ' (space-padded)
  OK: capability/version span matches baseline capture (inferred-constant)
  OK: constant byte 64 == 0x03 (inferred-constant)
  OK: bytes 65-67 == zero (inferred-constant)
  OK: join nonce == 0x00000000 (GROUNDED, multicast HELLO)
  OK: bytes 72-91 == zero padding
  OK: directed-HELLO flag == 0x0000 (GROUNDED, multicast)
  OK: constant trailer == 0x9205 (inferred-constant)
  OK: timer/tick == caller-supplied value, LE
  OK: constant tail matches baseline capture (inferred-constant)
  OK: bytes 112-119 == zero padding
  OK: sender's real HW LAN MAC == OVMX HW MAC (GROUNDED)
  OK: constant trailer == 0x2600 (inferred-constant)
  OK: poller-sweep marker == 0x0000 (GROUNDED, multicast)
  OK: constant == 0x0064 (inferred-constant)
  OK: trailer == 0x0000 (inferred-constant)
  OK: NULL params rejected
  OK: NULL output buffer rejected
  OK: 6-char (max) node name accepted
  OK: node name with no NUL terminator in a 7-byte buffer rejected
test_scs_hello: 0 failure(s)
<end of output>
Test time =   0.01 sec
----------------------------------------------------------
Test Passed.
"vmsscs_hello_unit" end time: Jul 28 20:57 EDT
"vmsscs_hello_unit" time elapsed: 00:00:00
----------------------------------------------------------

24/37 Testing: vmsfs_unit
24/37 Test: vmsfs_unit
Command: "/home/baron/projects/vms/.claude/worktrees/authenticity-inv1/build-local/bin/test_vmsfs"
Directory: /home/baron/projects/vms/.claude/worktrees/authenticity-inv1/build-local/tests/vmsfs
"vmsfs_unit" start time: Jul 28 20:57 EDT
Output:
----------------------------------------------------------
=== vmsfs unit tests ===

--- vmsfs_parse_filespec ---
  OK: parse LOGIN.COM;1 returns SS$_NORMAL
  OK: name is LOGIN
  OK: type is COM
  OK: version is 1
  OK: no device
  OK: no directory
  OK: no node
  OK: parse SYS$LOGIN:STARTUP.COM;2
  OK: device is SYS$LOGIN
  OK: name is STARTUP
  OK: type is COM
  OK: version is 2
  OK: parse DKA0:[USERS.BARON]LOGIN.COM;1
  OK: device is DKA0
  OK: directory is USERS.BARON
  OK: name is LOGIN
  OK: parse with node REMOTE::
  OK: node is REMOTE
  OK: device is DKA0 with node
  OK: parse TEST.DAT;0
  OK: version 0 (highest)
  OK: parse NOVERSION.TXT
  OK: no version flag when not specified
  OK: parse *.COM
  OK: is_wildcard set for *.COM
  OK: parse TEST%.DAT
  OK: is_wildcard set for TEST%.DAT
  OK: parse empty string is valid
  OK: parse NULL returns SS$_BADPARAM
  OK: parse with NULL result returns SS$_BADPARAM
  OK: parse lowercase myfile.dat;1
  OK: name is uppercased to MYFILE
  OK: type is uppercased to DAT

--- vmsfs_compose_filespec ---
  OK: parse for compose round-trip
  OK: compose returns SS$_NORMAL
  OK: compose output matches original
  OK: compose TEST.DAT;3
  OK: compose output is TEST.DAT;3
  OK: compose NOVERSION.COM (no version)
  OK: no version string in output
  OK: compose NULL parts returns SS$_BADPARAM
  OK: compose NULL result returns SS$_BADPARAM

--- vmsfs_translate_directory ---
  OK: translate USERS
  OK: USERS -> USERS
  OK: translate USERS.BARON.SUBDIR
  OK: USERS.BARON.SUBDIR -> USERS/BARON/SUBDIR
  OK: translate 000000 (MFD)
  OK: 000000 -> empty string (root)
  OK: translate - (parent)
  OK: - -> ..
  OK: translate -.SUB (parent+sub)
  OK: -.SUB -> ../SUB
  OK: translate .SUB (relative)
  OK: .SUB -> SUB
  OK: translate NULL dir returns SS$_BADPARAM
  OK: translate NULL out returns SS$_BADPARAM

--- vmsfs_wildcard_match ---
  OK: exact match case-insensitive
  OK: exact non-match
  OK: *.COM matches LOGIN.COM
  OK: *.COM matches STARTUP.COM
  OK: *.COM does not match LOGIN.DAT
  OK: * matches anything
  OK: LOG* matches LOGIN
  OK: LOG* does not match NOLOG
  OK: LOG%.COM matches LOGI.COM
  OK: LOG%.COM does not match LOGIT.COM (2 chars)
  OK: LOG%.COM does not match LOG.COM (0 chars)
  OK: NULL pattern returns 0
  OK: NULL name returns 0
  OK: SYS* matches SYSLOG
  OK: SYS* matches SYS (zero chars)

--- version management ---
  OK: highest version is 5
  OK: highest version for non-existent file <= 0
  OK: vmsfs_list_versions returns success
  OK: list_versions finds 3 versions
  OK: version 1 in list
  OK: version 2 in list
  OK: version 5 in list
  OK: vmsfs_purge_versions returns >= 0
  OK: highest version still 5 after purge
  OK: list_versions after purge returns success
  OK: only 1 version remains after purge-keep-1

All vmsfs tests passed.
<end of output>
Test time =   0.00 sec
----------------------------------------------------------
Test Passed.
"vmsfs_unit" end time: Jul 28 20:57 EDT
"vmsfs_unit" time elapsed: 00:00:00
----------------------------------------------------------

13/37 Testing: test_libvms_lib_bitops
13/37 Test: test_libvms_lib_bitops
Command: "/home/baron/projects/vms/.claude/worktrees/authenticity-inv1/build-local/bin/test_libvms_lib_bitops"
Directory: /home/baron/projects/vms/.claude/worktrees/authenticity-inv1/build-local/tests/libvms
"test_libvms_lib_bitops" start time: Jul 28 20:57 EDT
Output:
----------------------------------------------------------
=== test_lib_bitops: lib$extv, lib$extzv, lib$insv, lib$adawi, lib$bbcci, lib$bbssi ===
Testing lib$extzv (zero-extended bit field extract)...
  OK: extzv bits 1-3 of 0xCA = 5
  OK: extzv bit 0 of 0xCA = 0
  OK: extzv bit 7 of 0xCA = 1
  OK: extzv all 8 bits = 0xCA
  OK: extzv size 0 = 0
  OK: extzv cross-byte boundary
Testing lib$extv (sign-extended bit field extract)...
  OK: extv 0b1111 (4-bit) sign-extends to -1
  OK: extv 0b0000 (4-bit) sign-extends to 0
  OK: extv 3-bit all-ones sign-extends to -1
  OK: extv 3-bit positive stays positive
Testing lib$insv (bit field insert)...
  OK: insv returns SS$_NORMAL
  OK: insv 5 at bit 1 size 3
  OK: insv 0 clears bits 1-3
  OK: insv full byte at bit 0
  OK: insv cross-byte: upper bits of buf[0]
  OK: insv cross-byte: lower bits of buf[1]
  OK: insv size 0 is no-op
Testing lib$adawi (atomic add word)...
  OK: adawi returns SS$_NORMAL
  OK: adawi result = 15
  OK: adawi sign = +1 for positive result
  OK: adawi result = 0
  OK: adawi sign = 0 for zero result
  OK: adawi result = -7
  OK: adawi sign = -1 for negative result
  OK: adawi null add returns SS$_BADPARAM
Testing lib$bbcci / lib$bbssi (atomic bit ops)...
  OK: bbssi: old value was 0 (clear)
  OK: bbssi: bit 3 is now set
  OK: bbssi: old value was 1 (set)
  OK: bbcci: old value was 1 (set)
  OK: bbcci: bit 3 is now clear
  OK: bbcci: old value was 0 (clear)
  OK: bbssi: bit 8 sets LSB of byte 1
  OK: bbcci: bit 8 clears LSB of byte 1
  OK: bbssi null pos returns 0
  OK: bbcci null base returns 0
Testing bit 31 boundary conditions...
  OK: extzv bit 31 of 0x80000000 = 1
  OK: extv bit 31 sign-extended to -1
All lib_bitops tests passed.
<end of output>
Test time =   0.00 sec
----------------------------------------------------------
Test Passed.
"test_libvms_lib_bitops" end time: Jul 28 20:57 EDT
"test_libvms_lib_bitops" time elapsed: 00:00:00
----------------------------------------------------------

15/37 Testing: test_libvms_mth_routines
15/37 Test: test_libvms_mth_routines
Command: "/home/baron/projects/vms/.claude/worktrees/authenticity-inv1/build-local/bin/test_libvms_mth_routines"
Directory: /home/baron/projects/vms/.claude/worktrees/authenticity-inv1/build-local/tests/libvms
"test_libvms_mth_routines" start time: Jul 28 20:57 EDT
Output:
----------------------------------------------------------
=== test_mth_routines: MTH$ math RTL ===
Testing MTH$ trigonometric functions...
  OK: sin(0) = 0
  OK: cos(0) = 1
  OK: sin(pi/2) = 1
  OK: cos(pi/2) = 0
  OK: sin(pi) = 0
  OK: cos(pi) = -1
  OK: sin(pi/4) = sqrt(2)/2
  OK: cos(pi/4) = sqrt(2)/2
Testing MTH$ degree trig functions...
  OK: sind(0) = 0
  OK: cosd(0) = 1
  OK: sind(90) = 1
  OK: cosd(90) = 0
  OK: sind(45) = sqrt(2)/2
Testing mth$sqrt...
  OK: sqrt(4) = 2
  OK: sqrt(2) = 1.41421...
  OK: sqrt(0) = 0
  OK: sqrt(1) = 1
Testing mth$exp...
  OK: exp(0) = 1
  OK: exp(1) = e
  OK: exp(-1) = 1/e
Testing mth$alog (ln) and mth$alog10...
  OK: ln(1) = 0
  OK: ln(e) = 1
  OK: log10(100) = 2
  OK: log10(1) = 0
  OK: log10(10) = 1
Testing mth$abs...
  OK: abs(-3.14) = 3.14
  OK: abs(3.14) = 3.14
  OK: abs(0) = 0
Testing mth$power and mth$power_ji...
  OK: 2^10 = 1024
  OK: 3^0 = 1
  OK: 10^3 = 1000
  OK: power_ji 2^8 = 256
  OK: power_ji 5^0 = 1
  OK: power_ji 3^3 = 27
Testing mth$floor, mth$ceil, mth$nint...
  OK: floor(3.7) = 3
  OK: floor(-3.7) = -4
  OK: ceil(3.2) = 4
  OK: ceil(-3.2) = -3
  OK: nint(3.5) = 4
  OK: nint(2.4) = 2
  OK: nint(-1.5) = -2
Testing mth$min / mth$max...
  OK: min(3, 7) = 3
  OK: max(3, 7) = 7
  OK: min(-5, -2) = -5
  OK: max(-5, -2) = -2
  OK: min(0, 0) = 0
  OK: max(0, 0) = 0
Testing mth$atan2...
  OK: atan2(1,1) = pi/4
  OK: atan2(0,1) = 0
  OK: atan2(1,0) = pi/2
Testing mth$sincos...
  OK: sincos: sin(pi/3) = sqrt(3)/2
  OK: sincos: cos(pi/3) = 0.5
Testing mth$random...
  OK: random: r1 in [0, 1)
  OK: random: r2 in [0, 1)
  OK: random: consecutive values differ
  OK: random: same seed reproduces same sequence
All mth_routines tests passed.
<end of output>
Test time =   0.00 sec
----------------------------------------------------------
Test Passed.
"test_libvms_mth_routines" end time: Jul 28 20:57 EDT
"test_libvms_mth_routines" time elapsed: 00:00:00
----------------------------------------------------------

17/37 Testing: test_libvms_lib_symtab
17/37 Test: test_libvms_lib_symtab
Command: "/home/baron/projects/vms/.claude/worktrees/authenticity-inv1/build-local/bin/test_libvms_lib_symtab"
Directory: /home/baron/projects/vms/.claude/worktrees/authenticity-inv1/build-local/tests/libvms
"test_libvms_lib_symtab" start time: Jul 28 20:57 EDT
Output:
----------------------------------------------------------
=== test_lib_symtab: vms-cd4 conformance-gap batch ===
Testing lib$sget1_dd / lib$sfree1_dd...
  OK: lib$sget1_dd returns SS$_NORMAL
  OK: lib$sget1_dd sets dsc$w_length
  OK: lib$sget1_dd allocates a buffer
  OK: lib$sget1_dd keeps CLASS_D
  OK: lib$sfree1_dd returns SS$_NORMAL
  OK: lib$sfree1_dd clears the pointer
  OK: lib$sfree1_dd clears the length
  OK: lib$sget1_dd(NULL) returns SS$_BADPARAM
  OK: lib$sfree1_dd(NULL) returns SS$_BADPARAM
Testing lib$sfreen_dd...
  OK: lib$sget1_dd allocates array element
  OK: lib$sget1_dd allocates array element
  OK: lib$sget1_dd allocates array element
  OK: lib$sget1_dd allocates array element
  OK: lib$sget1_dd allocates array element
  OK: lib$sfreen_dd returns SS$_NORMAL
  OK: lib$sfreen_dd frees every element
  OK: lib$sfreen_dd(NULL, arr) returns SS$_BADPARAM
Testing lib$set_logical / lib$delete_logical...
  OK: lib$set_logical returns SS$_NORMAL/SS$_SUPERSEDE
  OK: sys$trnlnm finds the logical lib$set_logical defined
  OK: sys$trnlnm returns the equivalence value lib$set_logical set
  OK: lib$delete_logical returns SS$_NORMAL
  OK: lib$delete_logical on a deleted name returns SS$_NOLOGNAM
  OK: lib$set_logical(NULL lognam) returns SS$_BADPARAM
Testing lib$set_symbol / lib$delete_symbol / lib$get_symbol...
  OK: lib$set_symbol returns SS$_NORMAL
  OK: lib$get_symbol finds the symbol lib$set_symbol set
  OK: lib$get_symbol returns the correct value length
  OK: lib$get_symbol returns the correct value
  OK: lib$get_symbol reports LIB$K_CLI_LOCAL_SYM
  OK: lib$get_symbol($STATUS) returns SS$_NORMAL
  OK: lib$delete_symbol returns SS$_NORMAL
  OK: lib$get_symbol after delete returns LIB$_NOSUCHSYM
  OK: lib$delete_symbol on a deleted symbol returns LIB$_NOSUCHSYM
  OK: lib$set_symbol(NULL symbol) returns SS$_BADPARAM
Testing sys$purgws...
  OK: sys$purgws returns SS$_NORMAL
  OK: sys$purgws(NULL) returns SS$_BADPARAM
Testing sys$getutc...
  OK: sys$getutc returns SS$_NORMAL
  OK: sys$getutc returns a non-zero VMS time
  OK: sys$gettim returns SS$_NORMAL
  OK: sys$getutc and sys$gettim agree within 1 second
  OK: sys$getutc(NULL) returns SS$_BADPARAM

40/40 assertions passed.
All lib_symtab tests passed.
<end of output>
Test time =   0.00 sec
----------------------------------------------------------
Test Passed.
"test_libvms_lib_symtab" end time: Jul 28 20:57 EDT
"test_libvms_lib_symtab" time elapsed: 00:00:00
----------------------------------------------------------

9/37 Testing: test_vmssys_math
9/37 Test: test_vmssys_math
Command: "/home/baron/projects/vms/.claude/worktrees/authenticity-inv1/build-local/bin/test_vmssys_math"
Directory: /home/baron/projects/vms/.claude/worktrees/authenticity-inv1/build-local/src/libvmssys
"test_vmssys_math" start time: Jul 28 20:57 EDT
Output:
----------------------------------------------------------
=== libvmssys math test ===
  OK: fabs
  OK: floor
  OK: floor negative
  OK: ceil
  OK: ceil negative
  OK: sqrt(4)
  OK: sqrt(2)
  OK: sin(0)
  OK: cos(0)
  OK: exp(0)
  OK: exp(1)
  OK: log(1)
  OK: pow(2,10)
  OK: pow(x,0)
  OK: log10(100)
  OK: fmod(7,3)
  OK: atan2(1,1)
All math tests passed.
<end of output>
Test time =   0.00 sec
----------------------------------------------------------
Test Passed.
"test_vmssys_math" end time: Jul 28 20:57 EDT
"test_vmssys_math" time elapsed: 00:00:00
----------------------------------------------------------

28/37 Testing: vmsscs_classify_unit
28/37 Test: vmsscs_classify_unit
Command: "/home/baron/projects/vms/.claude/worktrees/authenticity-inv1/build-local/bin/test_scs_classify"
Directory: /home/baron/projects/vms/.claude/worktrees/authenticity-inv1/build-local/tests/vmsscs
"vmsscs_classify_unit" start time: Jul 28 20:57 EDT
Output:
----------------------------------------------------------
test_scs_classify: all assertions passed
<end of output>
Test time =   0.00 sec
----------------------------------------------------------
Test Passed.
"vmsscs_classify_unit" end time: Jul 28 20:57 EDT
"vmsscs_classify_unit" time elapsed: 00:00:00
----------------------------------------------------------

11/37 Testing: test_libvms_fao
11/37 Test: test_libvms_fao
Command: "/home/baron/projects/vms/.claude/worktrees/authenticity-inv1/build-local/bin/test_libvms_fao"
Directory: /home/baron/projects/vms/.claude/worktrees/authenticity-inv1/build-local/tests/libvms
"test_libvms_fao" start time: Jul 28 20:57 EDT
Output:
----------------------------------------------------------
=== test_fao: sys$fao / sys$faol ===
Testing FAO literal passthrough...
  OK: status SS$_NORMAL
  OK: literal text preserved
  OK: literal with !! status SS$_NORMAL
  OK: !! produces single !
Testing FAO !UL directive...
  OK: !UL basic value
  OK: !UL zero
  OK: !UL UINT32_MAX
Testing FAO !SL directive...
  OK: !SL positive
  OK: !SL negative
Testing FAO !XL directive...
  OK: !XL hex uppercase
  OK: !XL zero
  OK: !XL 255 -> FF
Testing FAO !OL directive...
  OK: !OL 8 -> octal 10
  OK: !OL 0777 -> 777
Testing FAO !ZL directive...
  OK: !ZL always 8 chars
  OK: !ZL zero-padded decimal (255)
  OK: !ZL zero value
  OK: !ZL zero-padded decimal (42)
Testing FAO !AS directive...
  OK: !AS from descriptor
  OK: !AS empty descriptor
Testing FAO !AD directive...
  OK: !AD counted string
  OK: !AD zero length
Testing FAO special directives (!/ !_ !!)...
  OK: !/ produces newline
  OK: !_ produces tab
  OK: !! produces literal !
Testing FAO multiple directives...
  OK: multiple directives
Testing FAO buffer overflow detection...
  OK: overflow returns SS$_BUFFEROVF
Testing FAO null/invalid parameter handling...
  OK: null ctrstr returns SS$_BADPARAM
  OK: null outbuf returns SS$_BADPARAM
Testing FAO dynamic output descriptor...
  OK: dynamic outbuf status
  OK: dynamic outbuf outlen
  OK: dynamic outbuf content
All sys_fao tests passed.
<end of output>
Test time =   0.00 sec
----------------------------------------------------------
Test Passed.
"test_libvms_fao" end time: Jul 28 20:57 EDT
"test_libvms_fao" time elapsed: 00:00:00
----------------------------------------------------------

2/37 Testing: known_images_shared_pages
2/37 Test: known_images_shared_pages
Command: "/home/baron/projects/vms/.claude/worktrees/authenticity-inv1/build-local/bin/test_known_images_shared_pages"
Directory: /home/baron/projects/vms/.claude/worktrees/authenticity-inv1/build-local
"known_images_shared_pages" start time: Jul 28 20:57 EDT
Output:
----------------------------------------------------------
child A smaps Shared_Clean for /tmp/known_images_shared_test.sUkiiB = 88 kB
PASS: two processes mmap(MAP_SHARED)-ing the same known-image DB file share physical pages (Shared_Clean = 88 kB)
<end of output>
Test time =   0.00 sec
----------------------------------------------------------
Test Passed.
"known_images_shared_pages" end time: Jul 28 20:57 EDT
"known_images_shared_pages" time elapsed: 00:00:00
----------------------------------------------------------

8/37 Testing: test_vmssys_stdio
8/37 Test: test_vmssys_stdio
Command: "/home/baron/projects/vms/.claude/worktrees/authenticity-inv1/build-local/bin/test_vmssys_stdio"
Directory: /home/baron/projects/vms/.claude/worktrees/authenticity-inv1/build-local/src/libvmssys
"test_vmssys_stdio" start time: Jul 28 20:57 EDT
Output:
----------------------------------------------------------
=== libvmssys stdio test ===
  OK: vms_printf
  OK: vms_fprintf to stderr
  OK: file write/read cycle
  OK: binary fwrite/fread
  OK: fseek/fgets
All stdio tests passed.
<end of output>
Test time =   0.00 sec
----------------------------------------------------------
Test Passed.
"test_vmssys_stdio" end time: Jul 28 20:57 EDT
"test_vmssys_stdio" time elapsed: 00:00:00
----------------------------------------------------------

1/37 Testing: known_images_unit
1/37 Test: known_images_unit
Command: "/home/baron/projects/vms/.claude/worktrees/authenticity-inv1/build-local/bin/test_known_images"
Directory: /home/baron/projects/vms/.claude/worktrees/authenticity-inv1/build-local
"known_images_unit" start time: Jul 28 20:57 EDT
Output:
----------------------------------------------------------
PASS: known_images_open succeeds on a valid KFE file
PASS: known_images_count reports 2 entries
PASS: lookup finds LIBVMS$SHR.EXE by SONAME
PASS: found entry has the expected resolved path
PASS: found entry carries OPEN|SHARED|HEADER_RESIDENT flags
PASS: found entry carries cached GSMATCH LEQUAL,1,0
PASS: lookup finds the second registered image
PASS: lookup returns NULL for an unregistered SONAME
PASS: lookup on a closed db returns NULL (no dangling mmap use)
PASS: known_images_open fails cleanly on a missing DB file
ALL known_images UNIT TESTS PASSED
<end of output>
Test time =   0.00 sec
----------------------------------------------------------
Test Passed.
"known_images_unit" end time: Jul 28 20:57 EDT
"known_images_unit" time elapsed: 00:00:00
----------------------------------------------------------

20/37 Testing: test_libvms_sysgen_identity
20/37 Test: test_libvms_sysgen_identity
Command: "/home/baron/projects/vms/.claude/worktrees/authenticity-inv1/build-local/bin/test_libvms_sysgen_identity"
Directory: /home/baron/projects/vms/.claude/worktrees/authenticity-inv1/build-local/tests/libvms
"test_libvms_sysgen_identity" start time: Jul 28 20:57 EDT
Output:
----------------------------------------------------------
test_sysgen_identity: node identity + cluster SYSGEN params (vms-ci.8)
Testing sysgen_read_string/sysgen_read_param round-trip...
  OK: sysgen_read_string(SCSNODE) succeeds
  OK: sysgen_read_string(SCSNODE) == TESTND
  OK: sysgen_read_string is case-insensitive
  OK: sysgen_read_param(SCSSYSTEMID) succeeds
  OK: sysgen_read_param(SCSSYSTEMID) == 4242
  OK: sysgen_read_param rejects a string-typed parameter
  OK: sysgen_read_string rejects a numeric-typed parameter
  OK: sysgen_read_param fails for an unknown parameter
Testing sys$getsyi(SYI$_SCSNODE / SYI$_SCSSYSTEMID)...
  OK: lib$getsyi(SYI$_SCSNODE) returns SS$_NORMAL
  OK: lib$getsyi(SYI$_SCSNODE) returns the configured node name
  OK: lib$getsyi(SYI$_SCSSYSTEMID) returns SS$_NORMAL
  OK: lib$getsyi(SYI$_SCSSYSTEMID) returns the configured system ID
  OK: lib$getsyi(SYI$_NODENAME) returns SS$_NORMAL
  OK: SYI$_NODENAME (hostname) differs from the configured SCSNODE
test_sysgen_identity: 0 failure(s)
<end of output>
Test time =   0.00 sec
----------------------------------------------------------
Test Passed.
"test_libvms_sysgen_identity" end time: Jul 28 20:57 EDT
"test_libvms_sysgen_identity" time elapsed: 00:00:00
----------------------------------------------------------

30/37 Testing: vmsscs_connect_unit
30/37 Test: vmsscs_connect_unit
Command: "/home/baron/projects/vms/.claude/worktrees/authenticity-inv1/build-local/bin/test_scs_connect"
Directory: /home/baron/projects/vms/.claude/worktrees/authenticity-inv1/build-local/tests/vmsscs
"vmsscs_connect_unit" start time: Jul 28 20:57 EDT
Output:
----------------------------------------------------------
test_scs_connect: directed HELLO + SCS connect (vms-5fe/vms-c6d)
[directed HELLO]
  OK: scs_hello_build_directed_frame succeeds
  OK: Ethernet dst == peer MAC (directed, not multicast)
  OK: SCA dest logical addr mirrors peer MAC (abs 16)
  OK: Ethernet src == OVMX HW MAC
  OK: SCA src logical addr == OVMX HW MAC (abs 24)
  OK: join nonce == ee-05-39-5b (GROUNDED present, REPLAYED value)
  OK: directed-HELLO flag / incarnation == 0x0001 for a fresh contact (GROUNDED, spec 4b/4i.B)
  OK: poller-sweep marker == 0x001f=31 (GROUNDED)
  OK: per-frame word == 0xb300 (directed, REPLAYED)
  OK: SCA length field == 0x0076 (total 120)
  OK: node-name length prefix == 6
  OK: node name == 'OVMX  '
  OK: NULL params rejected
  OK: NULL peer rejected
  OK: NULL nonce rejected
[parse real captured connect frames]
  OK: parse CONNECT-REQUEST ok
  OK: REQUEST total SCA len == 110
  OK: REQUEST msgtype == 0x4b (GROUNDED)
  OK: REQUEST format == 0x13 (GROUNDED)
  OK: REQUEST is a Con.ID-bearing class
  OK: REQUEST remote Con.ID == 0 (GROUNDED)
  OK: REQUEST local Con.ID == 0x62C50009 (VAX1, GROUNDED)
  OK: parse CONNECT-RESPONSE ok
  OK: RESPONSE remote Con.ID == 0x62C50009 (echoed, GROUNDED)
  OK: RESPONSE local Con.ID == 0x33580008 (VAX2, GROUNDED)
  OK: NULL frame rejected
  OK: too-short frame rejected
[build CONNECT-REQUEST]
  OK: build_request succeeds
  OK: Ethernet dst == peer MAC
  OK: Ethernet src == OVMX HW MAC
  OK: ethertype 0x6007
  OK: SCA length field 0x006c (total 110)
  OK: SCA dest logical == peer_logical (abs 16)
  OK: SCA src logical == OVMX HW MAC (abs 24)
  OK: msgtype 0x4b, format 0x13 (abs 30/31, GROUNDED)
  OK: Remote Con.ID == 0 (CONNECT-REQUEST, abs 64)
  OK: Local Con.ID == OVMX's (abs 68)
  OK: local SYSAP name (abs 76, GROUNDED)
  OK: remote SYSAP name (abs 92, GROUNDED)
  OK: parse our REQUEST ok
  OK: round-trip Con.ID pair matches
[build CONNECT-RESPONSE]
  OK: build_response succeeds
  OK: msgtype 0x4b, format 0x13
  OK: Remote Con.ID == echoed peer Con.ID (abs 64)
  OK: Local Con.ID == OVMX's (abs 68)
  OK: RESPONSE remote Con.ID is non-zero (admission act)
  OK: build_request NULL rejected
  OK: build_response NULL rejected
[CONNECT-RESPONSE threads LIVE VC counters (vms-c6d)]
  OK: build_response (live counters) succeeds
  OK: Remote Con.ID == echoed VAX Con.ID (abs 64)
  OK: Local Con.ID == OVMX's (abs 68)
  OK: recv_ack [18:20] == live recv_seq 17 (abs 32), not golden 7
  OK: send_seq [20:22] == live send_seq 19 (abs 34), not golden 8
  OK: incarnation [22:24] == echoed N=3 (abs 36)
  OK: recv_ack mirror [26:28] == 17 (abs 40)
  OK: send_seq mirror [30:32] == 19 (abs 44), GROUNDED [20:22]==[30:32]
  OK: recv_ack 3rd repeat [34:36] == 17 (abs 48)
  OK: send-seq mirror holds ([20:22]==[30:32])
  OK: build_response (fresh) succeeds
  OK: incarnation 0 leaves the fresh template value 1 (abs 36)
  OK: fresh-formation golden counters 7/8 reproduced when passed explicitly
test_scs_connect: 0 failure(s)
<end of output>
Test time =   0.00 sec
----------------------------------------------------------
Test Passed.
"vmsscs_connect_unit" end time: Jul 28 20:57 EDT
"vmsscs_connect_unit" time elapsed: 00:00:00
----------------------------------------------------------

5/37 Testing: test_vmssys_string
5/37 Test: test_vmssys_string
Command: "/home/baron/projects/vms/.claude/worktrees/authenticity-inv1/build-local/bin/test_vmssys_string"
Directory: /home/baron/projects/vms/.claude/worktrees/authenticity-inv1/build-local/src/libvmssys
"test_vmssys_string" start time: Jul 28 20:57 EDT
Output:
----------------------------------------------------------
=== libvmssys string test ===
  OK: strlen
  OK: strlen empty
  OK: strcmp equal
  OK: strcmp less
  OK: strcmp greater
  OK: strncmp equal prefix
  OK: strncmp diff
  OK: strcpy
  OK: strncpy
  OK: strchr found
  OK: strchr position
  OK: strrchr position
  OK: strchr not found
  OK: strstr found
  OK: strstr not found
  OK: memset
  OK: memcpy
  OK: memcmp equal
  OK: memcmp diff
  OK: toupper
  OK: tolower
  OK: strcasecmp
  OK: strcasecmp less
  OK: strtoul decimal
  OK: strtoul hex auto
  OK: strtoul octal auto
  OK: atoi positive
  OK: atoi negative
  OK: memmove overlap forward
  OK: isdigit
  OK: isdigit negative
  OK: isalpha
All string tests passed.
<end of output>
Test time =   0.00 sec
----------------------------------------------------------
Test Passed.
"test_vmssys_string" end time: Jul 28 20:57 EDT
"test_vmssys_string" time elapsed: 00:00:00
----------------------------------------------------------

35/37 Testing: term_mapping
35/37 Test: term_mapping
Command: "/home/baron/projects/vms/.claude/worktrees/authenticity-inv1/build-local/bin/test_term_mapping"
Directory: /home/baron/projects/vms/.claude/worktrees/authenticity-inv1/build-local/tests/vmsssh
"term_mapping" start time: Jul 28 20:57 EDT
Output:
----------------------------------------------------------
Testing SSH TERM → VMS device type mapping:

  PASS: xterm                → VT100
  PASS: xterm-color          → VT100
  PASS: xterm-256color       → VT300
  PASS: XTERM-256COLOR       → VT300
  PASS: vt100                → VT100
  PASS: VT100                → VT100
  PASS: vt102                → VT100
  PASS: vt200                → VT200
  PASS: vt220                → VT200
  PASS: VT220                → VT200
  PASS: vt300                → VT300
  PASS: vt320                → VT300
  PASS: vt400                → VT400
  PASS: vt420                → VT400
  PASS: VT420                → VT400
  PASS: dumb                 → VT100
  PASS: unknown              → VT100
  PASS: linux                → VT100
  PASS: screen               → VT100
  PASS:                      → VT100
  PASS: (NULL)               → VT100

Results: 21 passed, 0 failed
<end of output>
Test time =   0.00 sec
----------------------------------------------------------
Test Passed.
"term_mapping" end time: Jul 28 20:57 EDT
"term_mapping" time elapsed: 00:00:00
----------------------------------------------------------

16/37 Testing: test_libvms_lib_rtl
16/37 Test: test_libvms_lib_rtl
Command: "/home/baron/projects/vms/.claude/worktrees/authenticity-inv1/build-local/bin/test_libvms_lib_rtl"
Directory: /home/baron/projects/vms/.claude/worktrees/authenticity-inv1/build-local/tests/libvms
"test_libvms_lib_rtl" start time: Jul 28 20:57 EDT
Output:
----------------------------------------------------------
=== test_lib_rtl: lib$/mth$/ots$ RTL functions ===
Testing lib$date_time...
  OK: lib$date_time returns SS$_NORMAL
  OK: lib$date_time has '-' at position 2
  OK: lib$date_time has '-' at position 6
  OK: lib$date_time has ' ' at position 11
  OK: lib$date_time has ':' at position 14
  OK: lib$date_time contains valid month abbreviation
  OK: lib$date_time(NULL) returns SS$_BADPARAM
Testing lib$day...
  OK: lib$day returns SS$_NORMAL
  OK: lib$day: day_number > 50000 (post year 1995)
  OK: lib$day: day_of_year in [1, 366]
  OK: lib$day(NULL) returns SS$_BADPARAM
Testing lib$day_of_week...
  OK: lib$day_of_week returns SS$_NORMAL
  OK: lib$day_of_week in [1, 7]
Testing lib$cvt_dtb / lib$cvt_htb / lib$cvt_otb...
  OK: lib$cvt_dtb('123') = 123
  OK: lib$cvt_dtb('0042') = 42
  OK: lib$cvt_htb('FF') = 255
  OK: lib$cvt_htb('1a') = 26
  OK: lib$cvt_otb('77') = 63
  OK: lib$cvt_dtb('XY') returns SS$_BADPARAM
Testing lib$put_output...
test_lib_rtl: lib$put_output works
  OK: lib$put_output returns SS$_NORMAL
  OK: lib$put_output(NULL) returns SS$_BADPARAM
Testing lib$getjpi...
  OK: lib$getjpi(JPI$_PID) returns SS$_NORMAL
  OK: lib$getjpi(JPI$_PID) returns non-zero PID
  OK: lib$getjpi(JPI$_USERNAME) returns SS$_NORMAL
  OK: lib$getjpi(JPI$_USERNAME) returns non-empty string
  OK: lib$getjpi(JPI$_PRCNAM) returns SS$_NORMAL
Testing lib$getsyi...
  OK: lib$getsyi(SYI$_NODENAME) returns SS$_NORMAL
  OK: lib$getsyi(SYI$_NODENAME) returns non-empty string
  OK: lib$getsyi(SYI$_HW_NAME) returns SS$_NORMAL
  OK: lib$getsyi(SYI$_HW_NAME) returns non-empty string
Testing mth$power_ji...
  OK: power_ji(2, 10) = 1024
  OK: power_ji(3, 0) = 1
  OK: power_ji(-2, 3) = -8
Testing mth$sincos...
  OK: sincos(0): sin = 0
  OK: sincos(0): cos = 1
Testing mth$nint...
  OK: nint(3.7) = 4
  OK: nint(3.2) = 3
  OK: nint(-0.5) = -1
Testing ots$cvt_l_ti...
  OK: ots$cvt_l_ti(42) returns SS$_NORMAL
  OK: ots$cvt_l_ti(42) right-justified '42' at end
  OK: ots$cvt_l_ti(-7) returns SS$_NORMAL
  OK: ots$cvt_l_ti(-7) right-justified '-7'
Testing ots$cvt_ti_l...
  OK: ots$cvt_ti_l('  123') returns SS$_NORMAL
  OK: ots$cvt_ti_l('  123') = 123
  OK: ots$cvt_ti_l('-456') returns SS$_NORMAL
  OK: ots$cvt_ti_l('-456') = -456
Testing ots$cvt_l_tz...
  OK: ots$cvt_l_tz(255) returns SS$_NORMAL
  OK: ots$cvt_l_tz(255) = '      FF'
  OK: ots$cvt_l_tz(0) returns SS$_NORMAL
  OK: ots$cvt_l_tz(0) contains '0'
Testing ots$cvt_l_to...
  OK: ots$cvt_l_to(8) returns SS$_NORMAL
  OK: ots$cvt_l_to(8) = '      10'
  OK: ots$cvt_l_to(63) returns SS$_NORMAL
  OK: ots$cvt_l_to(63) = '      77'

54/54 assertions passed.
All lib_rtl tests passed.
<end of output>
Test time =   0.00 sec
----------------------------------------------------------
Test Passed.
"test_libvms_lib_rtl" end time: Jul 28 20:57 EDT
"test_libvms_lib_rtl" time elapsed: 00:00:00
----------------------------------------------------------

19/37 Testing: test_libvms_sysuaf_record
19/37 Test: test_libvms_sysuaf_record
Command: "/home/baron/projects/vms/.claude/worktrees/authenticity-inv1/build-local/bin/test_libvms_sysuaf_record"
Directory: /home/baron/projects/vms/.claude/worktrees/authenticity-inv1/build-local/tests/libvms
"test_libvms_sysuaf_record" start time: Jul 28 20:57 EDT
Output:
----------------------------------------------------------
test_sysuaf_record: binary SYSUAF record layout (vms-846.1)
  OK: record is 368 bytes
  OK: username @ 0
  OK: pwd hash @ 32
  OK: uic @ 96
  OK: flags @ 100
  OK: priv @ 104
  OK: defdir @ 112
  OK: username width 32
  OK: pwd width 64
  OK: defdir width 256
  OK: uic group in high word
  OK: uic member in low word
  OK: xab is a key definition
  OK: key of reference 0 (primary)
  OK: key data type string
  OK: single key segment
  OK: key segment at record offset 0
  OK: key segment size 32
  OK: total key size 32
  OK: no duplicate keys (usernames unique)
  OK: key name USERNAME
test_sysuaf_record: 0 failure(s)
<end of output>
Test time =   0.00 sec
----------------------------------------------------------
Test Passed.
"test_libvms_sysuaf_record" end time: Jul 28 20:57 EDT
"test_libvms_sysuaf_record" time elapsed: 00:00:00
----------------------------------------------------------

32/37 Testing: vmsscs_vc_unit
32/37 Test: vmsscs_vc_unit
Command: "/home/baron/projects/vms/.claude/worktrees/authenticity-inv1/build-local/bin/test_scs_vc"
Directory: /home/baron/projects/vms/.claude/worktrees/authenticity-inv1/build-local/tests/vmsscs
"vmsscs_vc_unit" start time: Jul 28 20:57 EDT
Output:
----------------------------------------------------------
test_scs_vc: SCS VC engine -- credit-return + seq/ack + retransmit (vms-691)
[0x48 credit-return: byte-exact vs real VAX1 frame]
  OK: scs_credit_build succeeds
  OK: reproduces real VAX1 0x48 credit-return byte-for-byte (60 bytes)
[0x48 credit-return: field map (spec sec 4h(3))]
  OK: build ok (OVMX->VAX1)
  OK: Ethernet dst == peer MAC
  OK: Ethernet src == OVMX HW MAC
  OK: ethertype 0x6007
  OK: SCA length 0x0027 (total 41, GROUNDED)
  OK: SCA dst-logical [2:8] == peer_logical (abs 16)
  OK: connect flag [8:10]==0x0001 (abs 22, GROUNDED)
  OK: SCA src-logical [10:16] == OVMX MAC (abs 24)
  OK: opcode 0x48, format 0x13 (abs 30/31, GROUNDED)
  OK: acked seq [18:20]==7 (abs 32, GROUNDED)
  OK: send-seq [20:22]==0 (abs 34, GROUNDED 622/622)
  OK: const [22:24]==0x0001 (abs 36, GROUNDED 622/622)
  OK: NISCS_LAN_OVRHD [24:26]==18 (abs 38, GROUNDED)
  OK: acked-seq mirror [26:28]==7 (abs 40, GROUNDED 622/622)
  OK: [28:30] zero (abs 42)
  OK: secondary counter [30:32]==3 (abs 44, INFERRED reproduced)
  OK: [32:34] zero (abs 46)
  OK: acked-seq 3rd repeat [34:36]==7 (abs 48, GROUNDED 616/622)
  OK: [36:38] zero (abs 50)
  OK: const [38:40]==0x0001 (abs 52, INFERRED clean value)
  OK: [40] pad byte zero (abs 54)
  OK: Ethernet pad to 60 is zero (abs 55-59)
  OK: NULL params rejected
  OK: NULL out rejected
[VC seq/ack tracking]
  OK: init: send_seq=1 recv_seq=0 (fresh joiner)
  OK: init: no outstanding message, no credits sent
  OK: note_recv(4) -> recv_seq=4
  OK: note_recv(2) does not regress recv_seq
  OK: note_recv(0) (pure ack) does not advance recv_seq
  OK: owes_credit(1): sequenced msg -> ack owed
  OK: owes_credit(9): sequenced msg -> ack owed
  OK: owes_credit(0): pure ack -> no ack (no storm)
  OK: build_credit_for succeeds
  OK: credit acks current recv_seq (4)
  OK: secondary counter == OVMX send_seq
  OK: credit_returns_sent incremented
  OK: build_credit_for(NULL vc) rejected
[retransmit trigger (deterministic ms clock)]
  OK: no outstanding message -> not due
  OK: record_sent: seq 5 now outstanding
  OK: at send time: not due
  OK: before timeout (499ms): not due
  OK: at timeout (500ms elapsed): DUE
  OK: clock apparently backwards: not due (guarded)
  OK: peer ack of 4 does not clear outstanding seq 5
  OK: still due after partial ack
  OK: mark_retransmitted bumps counters
  OK: timer reset by retransmit: not due
  OK: due again after another timeout
  OK: peer ack of 5 clears the outstanding message
  OK: cleared message -> not due
  OK: modular ack: recv_ack 1 reaches outstanding 0xFFFF (wrap)
  OK: retransmit_due(NULL) -> 0
[VC reset at START completion (vms-246, spec sec 4i.A)]
  OK: pre-reset: recv_seq=4 send_seq=3 with an outstanding message (polluted)
  OK: reset: send_seq == 1 (fresh post-START VC)
  OK: reset: recv_seq == 0 (formation-phase seq does NOT carry in)
  OK: reset: outstanding retransmit state cleared
  OK: reset: VC stays initialized
  OK: post-reset: first directory request (send_seq=1) -> recv_seq=1 (recv_ack now 1, not 4)
  OK: reset independent of a large residual send_seq (11974 -> recv_seq 0)
  OK: reset_seq(NULL) is a safe no-op
test_scs_vc: 0 failure(s)
<end of output>
Test time =   0.00 sec
----------------------------------------------------------
Test Passed.
"vmsscs_vc_unit" end time: Jul 28 20:57 EDT
"vmsscs_vc_unit" time elapsed: 00:00:00
----------------------------------------------------------

6/37 Testing: test_vmssys_snprintf
6/37 Test: test_vmssys_snprintf
Command: "/home/baron/projects/vms/.claude/worktrees/authenticity-inv1/build-local/bin/test_vmssys_snprintf"
Directory: /home/baron/projects/vms/.claude/worktrees/authenticity-inv1/build-local/src/libvmssys
"test_vmssys_snprintf" start time: Jul 28 20:57 EDT
Output:
----------------------------------------------------------
=== libvmssys snprintf test ===
  OK: %d positive
  OK: %d negative
  OK: %u max
  OK: %x
  OK: %X
  OK: %o
  OK: %ld
  OK: %lu
  OK: %lx
  OK: %s
  OK: %c
  OK: %%
  OK: width 5
  OK: left-justify
  OK: zero-pad
  OK: plus flag
  OK: precision string
  OK: star width
  OK: star precision
  OK: %p
  OK: %s NULL
  OK: combined
  OK: truncation
All snprintf tests passed.
<end of output>
Test time =   0.00 sec
----------------------------------------------------------
Test Passed.
"test_vmssys_snprintf" end time: Jul 28 20:57 EDT
"test_vmssys_snprintf" time elapsed: 00:00:00
----------------------------------------------------------

4/37 Testing: test_vmssys_syscall
4/37 Test: test_vmssys_syscall
Command: "/home/baron/projects/vms/.claude/worktrees/authenticity-inv1/build-local/bin/test_vmssys_syscall"
Directory: /home/baron/projects/vms/.claude/worktrees/authenticity-inv1/build-local/src/libvmssys
"test_vmssys_syscall" start time: Jul 28 20:57 EDT
Output:
----------------------------------------------------------
=== libvmssys syscall test ===
hello
  OK: write
  OK: getpid
  OK: clock_gettime
  OK: getcwd
  OK: openat/read/close
  OK: mmap/munmap
All syscall tests passed.
<end of output>
Test time =   0.00 sec
----------------------------------------------------------
Test Passed.
"test_vmssys_syscall" end time: Jul 28 20:57 EDT
"test_vmssys_syscall" time elapsed: 00:00:00
----------------------------------------------------------

31/37 Testing: vmsscs_start_unit
31/37 Test: vmsscs_start_unit
Command: "/home/baron/projects/vms/.claude/worktrees/authenticity-inv1/build-local/bin/test_scs_start"
Directory: /home/baron/projects/vms/.claude/worktrees/authenticity-inv1/build-local/tests/vmsscs
"vmsscs_start_unit" start time: Jul 28 20:57 EDT
Output:
----------------------------------------------------------
test_scs_start: phase-2 START/config + SCS seq/ack state machine (vms-21e)
[SCS seq/ack state machine]
  OK: init: send_seq=1 recv_seq=0 (fresh joiner)
  OK: advance #1 returns 1
  OK: send_seq now 2
  OK: advance #2 returns 2
  OK: send_seq now 3
  OK: note_recv(5) -> recv_seq=5
  OK: note_recv(3) does not regress recv_seq
  OK: note_recv(7) -> recv_seq=7
  OK: advance(NULL) returns 0 (no crash)
[build 0x41 START]
  OK: scs_start_build succeeds
  OK: Ethernet dst == peer MAC
  OK: Ethernet src == OVMX HW MAC
  OK: ethertype 0x6007
  OK: SCA length field 0x0068 (total 106)
  OK: SCA dest logical == peer_logical (abs 16)
  OK: SCA src logical == OVMX HW MAC (abs 24)
  OK: opcode 0x41, format 0x13 (abs 30/31, GROUNDED)
  OK: leading counter [18:20]==recv_ack==0 (abs 32, GROUNDED)
  OK: SCS send_seq [20:22]==1 (abs 34, GROUNDED joiner value)
  OK: incarnation [22:24]==N==1 for a fresh contact (abs 36, spec 4i.B)
  OK: send_seq mirror [30:32]==1 (abs 44, GROUNDED)
  OK: NISCS_LAN_OVRHD [24:26]==18 (abs 38, GROUNDED)
  OK: inner length [42:44]==62==paylen-44 (abs 56, GROUNDED)
  OK: config-round [44:46]==1 (abs 58, substituted)
  OK: SCSSYSTEMID [46:48]==1030 (abs 60, OVMX identity)
  OK: version [58:66]=='VMS V7.3' (abs 72, GROUNDED)
  OK: hardware [74:78]=='VAX ' (abs 88, GROUNDED)
  OK: node name [90:98]=='OVMX    ' 8-byte blank-padded (abs 104, GROUNDED encoding)
  OK: parse our START ok
  OK: round-trip: 106B START
  OK: round-trip: round/sysid/send_seq recovered
  OK: 8-char node name accepted
  OK: overlong (>8) node name rejected
  OK: NULL params rejected
  OK: NULL out rejected
[build 0x41 round-2 ACK]
  OK: scs_start_build_ack succeeds
  OK: ACK Ethernet dst == peer MAC
  OK: ACK Ethernet src == OVMX HW MAC
  OK: ACK SCA length field 0x002c (total 46)
  OK: ACK opcode 0x41, format 0x13
  OK: ACK inner length [42:44]==2 (abs 56, GROUNDED)
  OK: ACK config-round [44:46]==2 (abs 58, GROUNDED)
  OK: ACK send_seq [20:22]==1 (abs 34)
  OK: parse our ACK ok
  OK: round-trip: 46B round-2 ACK
[incarnation echo: 0x41 START [22:24] == member-advertised N (spec 4i.B)]
  OK: build START with incarnation N
  OK: [22:24] echoes the member-advertised N (abs 36)
  OK: send_seq [20:22] stays 1, independent of N (abs 34)
  OK: send_seq mirror [30:32] stays 1, independent of N (abs 44)
  OK: recv_ack [18:20] stays 0, independent of N (abs 32)
  OK: build START with incarnation N
  OK: [22:24] echoes the member-advertised N (abs 36)
  OK: send_seq [20:22] stays 1, independent of N (abs 34)
  OK: send_seq mirror [30:32] stays 1, independent of N (abs 44)
  OK: recv_ack [18:20] stays 0, independent of N (abs 32)
  OK: build START with incarnation N
  OK: [22:24] echoes the member-advertised N (abs 36)
  OK: send_seq [20:22] stays 1, independent of N (abs 34)
  OK: send_seq mirror [30:32] stays 1, independent of N (abs 44)
  OK: recv_ack [18:20] stays 0, independent of N (abs 32)
  OK: build with N=2 and a large send_seq
  OK: [22:24]==incarnation 2, NOT the send_seq (abs 36)
  OK: send_seq [20:22] carries its own value (abs 34)
  OK: mirror [30:32]==send_seq, not the incarnation (abs 44)
[parse real captured 0x41 frames]
  OK: parse real VAX1 START ok
  OK: real START total SCA len == 106
  OK: real START opcode 0x41 / format 0x13 (GROUNDED)
  OK: real START is not an ack
  OK: real START config-round == 0 (GROUNDED)
  OK: real START SCSSYSTEMID == 1025 (VAX1, GROUNDED)
  OK: real START send_seq == 1 (GROUNDED joiner-phase value)
  OK: real START leading counter == 0 (GROUNDED)
  OK: parse real VAX1 ACK ok
  OK: real ACK flagged is_ack
  OK: real ACK total SCA len == 46
  OK: real ACK config-round == 2 (GROUNDED)
  OK: non-0x41 opcode rejected
  OK: NULL frame rejected
  OK: too-short frame rejected
test_scs_start: 0 failure(s)
<end of output>
Test time =   0.00 sec
----------------------------------------------------------
Test Passed.
"vmsscs_start_unit" end time: Jul 28 20:57 EDT
"vmsscs_start_unit" time elapsed: 00:00:00
----------------------------------------------------------

14/37 Testing: test_libvms_str_routines
14/37 Test: test_libvms_str_routines
Command: "/home/baron/projects/vms/.claude/worktrees/authenticity-inv1/build-local/bin/test_libvms_str_routines"
Directory: /home/baron/projects/vms/.claude/worktrees/authenticity-inv1/build-local/tests/libvms
"test_libvms_str_routines" start time: Jul 28 20:57 EDT
Output:
----------------------------------------------------------
=== test_str_routines: STR$ string RTL ===
Testing str$copy_dx (static to static)...
  OK: copy_dx static returns SS$_NORMAL
  OK: copy_dx: content copied
Testing str$copy_dx (static to dynamic)...
  OK: copy_dx dynamic returns SS$_NORMAL
  OK: copy_dx dynamic: length = 7
  OK: copy_dx dynamic: pointer allocated
  OK: copy_dx dynamic: content
  OK: free1_dx clears pointer
  OK: free1_dx clears length
Testing str$copy_r...
  OK: copy_r raw->dynamic returns SS$_NORMAL
  OK: copy_r raw->dynamic: length = 5
  OK: copy_r raw->dynamic: content
  OK: copy_r raw->static returns SS$_NORMAL
  OK: copy_r raw->static: content + space padding
  OK: copy_r null dest returns SS$_BADPARAM
Testing str$concat...
  OK: concat returns SS$_NORMAL
  OK: concat: length = 11
  OK: concat: content
  OK: concat with empty returns SS$_NORMAL
  OK: concat with empty: length = 5
  OK: concat with empty: content
Testing str$compare...
  OK: compare equal strings = 0
  OK: compare ABC < ABD
  OK: compare ABD > ABC
  OK: compare AB < ABC (shorter)
  OK: compare ABC > AB (longer)
Testing str$compare_eql...
  OK: compare_eql equal => 0
  OK: compare_eql not equal => 1
  OK: compare_eql different length => 1
Testing str$case_blind_compare...
  OK: case blind: hello == HELLO
  OK: case blind: hello == Hello
Testing str$trim...
  OK: trim returns SS$_NORMAL
  OK: trim: result_len = 5
  OK: trim: descriptor length = 5
  OK: trim: content is HELLO
  OK: trim all-spaces returns SS$_NORMAL
  OK: trim all-spaces: result_len = 0
Testing str$upcase...
  OK: upcase returns SS$_NORMAL
  OK: upcase: length preserved
  OK: upcase: content
  OK: upcase already-upper returns SS$_NORMAL
  OK: upcase already-upper: unchanged
Testing str$find_first_substring...
  OK: find_first_substring returns SS$_NORMAL
  OK: find_first_substring: index = 7 (1-based)
  OK: find_first_substring: sub_index = 1
  OK: find_first_substring not-found returns SS$_NORMAL
  OK: find_first_substring: index = 0 when not found
Testing str$position...
  OK: position BC in ABCABC from 1 => 2
  OK: position BC in ABCABC from 3 => 5
  OK: position XY not found => 0
  OK: position start beyond string => 0
Testing str$left...
  OK: left returns SS$_NORMAL
  OK: left 3: length = 3
  OK: left 3: content = ABC
  OK: left beyond length returns SS$_NORMAL
  OK: left beyond length: clamped to 6
Testing str$right...
  OK: right returns SS$_NORMAL
  OK: right from 4: length = 3
  OK: right from 4: content = DEF
  OK: right beyond length returns SS$_NORMAL
  OK: right beyond length: empty
Testing str$len_extr...
  OK: len_extr returns SS$_NORMAL
  OK: len_extr pos=2 len=3: length = 3
  OK: len_extr pos=2 len=3: content = BCD
  OK: len_extr clamp at end returns SS$_NORMAL
  OK: len_extr clamp: length = 2
  OK: len_extr clamp: content = EF
  OK: len_extr beyond end returns SS$_NORMAL
  OK: len_extr beyond end: empty
Testing str$element...
  OK: element 0 returns SS$_NORMAL
  OK: element 0: length = 3
  OK: element 0: content = 'one'
  OK: element 1 returns SS$_NORMAL
  OK: element 1: content = 'two'
  OK: element 2 returns SS$_NORMAL
  OK: element 2: content = 'three'
  OK: element beyond range returns SS$_NORMAL
  OK: element beyond range: returns delimiter
Testing str$get1_dx...
  OK: get1_dx returns SS$_NORMAL
  OK: get1_dx: length = 64
  OK: get1_dx: pointer allocated
  OK: free1_dx after get1_dx: cleaned up
Testing str$analyze_sdesc...
  OK: analyze_sdesc static returns SS$_NORMAL
  OK: analyze_sdesc static: length = 4
  OK: analyze_sdesc static: correct address
  OK: analyze_sdesc dynamic returns SS$_NORMAL
  OK: analyze_sdesc dynamic: length = 4
  OK: analyze_sdesc dynamic: correct address
  OK: analyze_sdesc unsupported class => STR$_ILLSTRCLA
  OK: analyze_sdesc unsupported: zeroed outputs
Testing str$append...
  OK: append returns SS$_NORMAL
  OK: append: length = 11
  OK: append: content = 'Hello World'
  OK: append empty returns SS$_NORMAL
  OK: append empty: length unchanged
  OK: append rejects CLASS_S => SS$_BADPARAM
Testing str$prefix...
  OK: prefix returns SS$_NORMAL
  OK: prefix: length = 11
  OK: prefix: content = 'Hello World'
  OK: prefix rejects CLASS_S => SS$_BADPARAM
Testing str$replace...
  OK: replace returns SS$_NORMAL
  OK: replace middle: length = 6
  OK: replace middle: content = ABXYEF
  OK: replace with longer returns SS$_NORMAL
  OK: replace with longer: length = 8
  OK: replace with longer: content = A1234DEF
Testing str$match_wild...
  OK: match_wild *.TXT matches HELLO.TXT
  OK: match_wild *.TXT does not match HELLO.EXE
  OK: match_wild HEL%O matches HELLO
  OK: match_wild HEL%O matches HELXO
  OK: match_wild exact match
  OK: match_wild no trailing wildcard: no match
  OK: match_wild * matches anything
Testing str$match_wild edge cases...
  OK: match_wild * matches empty prefix
  OK: match_wild multiple * wildcards
  OK: match_wild %% doesn't match empty gap
  OK: match_wild pattern longer than candidate
Testing str$ null parameter handling...
  OK: copy_dx null returns SS$_BADPARAM
  OK: concat null dest returns SS$_BADPARAM
  OK: trim null dest returns SS$_BADPARAM
  OK: upcase null dest returns SS$_BADPARAM
  OK: copy_dx null dest only returns SS$_BADPARAM
  OK: copy_dx null src only returns SS$_BADPARAM
All str_routines tests passed.
<end of output>
Test time =   0.00 sec
----------------------------------------------------------
Test Passed.
"test_libvms_str_routines" end time: Jul 28 20:57 EDT
"test_libvms_str_routines" time elapsed: 00:00:00
----------------------------------------------------------

36/37 Testing: vmsssh_integration
36/37 Test: vmsssh_integration
Command: "/home/baron/projects/vms/.claude/worktrees/authenticity-inv1/tests/vmsssh/test_vmsssh.sh"
Directory: /home/baron/projects/vms/.claude/worktrees/authenticity-inv1
"vmsssh_integration" start time: Jul 28 20:57 EDT
Output:
----------------------------------------------------------
SKIP: Docker not available — vmsssh integration tests require Docker
<end of output>
Test time =   0.00 sec
----------------------------------------------------------
Test Passed.
"vmsssh_integration" end time: Jul 28 20:57 EDT
"vmsssh_integration" time elapsed: 00:00:00
----------------------------------------------------------

27/37 Testing: dcl-integration
27/37 Test: dcl-integration
Command: "/usr/bin/bash" "/home/baron/projects/vms/.claude/worktrees/authenticity-inv1/tests/dcl/run_dcl_tests.sh"
Directory: /home/baron/projects/vms/.claude/worktrees/authenticity-inv1/build-local/tests/dcl
"dcl-integration" start time: Jul 28 20:57 EDT
Output:
----------------------------------------------------------
=== DCL Integration Test Suite ===
Using: /home/baron/projects/vms/.claude/worktrees/authenticity-inv1/build-local/bin/DCL.EXE
Timeout: 10s per test

PASS: ANALYZE/IMAGE displays ELF header info
PASS: BACKUP creates, lists, and restores savesets
PASS: DEFINE creates logical name and DEASSIGN removes it
PASS: $STATUS symbol reflects last command status
PASS: RENAME command renames a file successfully
PASS: SET VERIFY and SET NOVERIFY change verification state
PASS: WRITE SYS$OUTPUT with string, symbol, and comma concatenation
PASS: Command procedures (@file) execute DCL scripts
PASS: CONTINUE command exists and doesn't crash
PASS: COPY and DELETE work on files
PASS: CREATE/DIRECTORY creates a new directory
PASS: DCL exits cleanly on EOF after executing commands
PASS: DIFFERENCES command compares two files
PASS: DIRECTORY command lists files
PASS: EDIT command launches EDT editor, creates and modifies a file
PASS: HELP has comprehensive content for commands and lexical functions
PASS: IF/THEN conditional execution works
PASS: DCL string literal parsing including embedded quotes
PASS: Symbol substitution with apostrophe syntax
PASS: F$LENGTH lexical function returns string length
PASS: F$EDIT performs string transformations
PASS: F$ELEMENT extracts delimited elements
PASS: F$EXTRACT returns correct substrings
PASS: F$GETJPI returns process information
PASS: F$GETSYI returns system information
PASS: F$INTEGER converts string to integer
PASS: F$LENGTH returns string length
PASS: F$LOCATE finds substring position
PASS: New lexical functions F$PID, F$DEVICE, F$GETDVI, F$IDENTIFIER, F$CVUI work
PASS: F$GETSYI("SCSNODE") reads the configured cluster node identity,
PASS: F$SEARCH finds files
PASS: F$STRING converts integer to string
PASS: F$TRNLNM translates logical names
PASS: F$TYPE returns symbol type
PASS: F$VERIFY returns verification state
PASS: LIBRARY command creates, inserts, lists, and extracts modules
PASS: ATTACH, CONVERT, LINK, INSTALL, PRODUCT, PHONE commands exist and respond correctly
PASS: MOUNT/DISMOUNT commands create and remove VMS device mappings
PASS: Error messages must not contain Unix strerror text
PASS: Error messages and output must not leak Unix paths or terminology
PASS: OPEN/READ/CLOSE file I/O operations work
PASS: Comment handling with ! and ; markers
PASS: Line continuation with dash at end of line
PASS: Error recovery for invalid command verb
PASS: GOTO label branching in command procedure
PASS: IF/THEN/ELSE control flow with string and numeric comparisons
PASS: Qualifier parsing with /QUALIFIER syntax
PASS: PIPE command chains DCL commands
PASS: PIPE with multiple segments
PASS: /LOG and /CONFIRM qualifiers work on file commands
PASS: Queue commands (SUBMIT, PRINT, SHOW QUEUE, DELETE/ENTRY, SET ENTRY) work end-to-end
PASS: RECALL/ALL displays command history
PASS: Script GOTO skips to label, code before label not executed
PASS: Script parameter substitution with P1 and P2
PASS: SEARCH command finds text in files
PASS: SET CONTROL=(Y) and SET NOCONTROL=(Y) accepted
PASS: SET DEFAULT changes working directory
PASS: SET quick-win subcommands produce correct VMS-format output
PASS: SET TERMINAL /OVERSTRIKE changes Insert to Overstrike in SHOW output
PASS: SET TERMINAL /WIDTH=132 updates width in SHOW TERMINAL output
PASS: SHOW DEFAULT displays current default directory
PASS: DEFINE and SHOW LOGICAL work together
PASS: SHOW MEMORY displays memory information in VMS format
PASS: SHOW PROCESS displays VMS-style process information
PASS: SHOW QUEUE and SHOW INTRUSION work
PASS: SHOW quick-win subcommands produce correct VMS-format output
PASS: SHOW SYSTEM displays VMS-style system information without Linux processes
PASS: SHOW TIME displays VMS date format (DD-MMM-YYYY HH:MM:SS)
PASS: SHOW USERS displays VMS terminal device names and process info
PASS: SPAWN executes DCL command in subprocess
PASS: SPAWN does not invoke Unix shell
PASS: Symbol assignment and SHOW SYMBOL work
PASS: DELETE/SYMBOL removes a symbol from the table
PASS: Global symbol assignment with == and SHOW SYMBOL
PASS: Local symbol assignment and substitution in WRITE
PASS: SYSGEN USE DEFAULT and SHOW parameter work
PASS: SYSMAN STARTUP SHOW and DO SHOW TIME work
PASS: TCPIP SET HOST adds entry visible in SHOW HOST
PASS: TCPIP SHOW INTERFACE displays VMS device names
PASS: TCPIP SHOW ROUTE displays routing table with VMS device names
PASS: TCPIP SHOW VERSION displays version string
PASS: SHOW TERMINAL displays VMS-style terminal characteristics
PASS: F$ENVIRONMENT("TERMINAL") returns a VMS terminal device name
PASS: TYPE command displays file contents
PASS: Error messages use VMS %FAC-SEV-IDENT format
PASS: WAIT command pauses briefly without error
PASS: WRITE SYS$OUTPUT sends text to stdout

=== Results: 87 passed, 0 failed, 0 skipped ===
<end of output>
Test time =   2.59 sec
----------------------------------------------------------
Test Passed.
"dcl-integration" end time: Jul 28 20:57 EDT
"dcl-integration" time elapsed: 00:00:02
----------------------------------------------------------

End testing: Jul 28 20:57 EDT

authenticity =   0.02 sec*proc

cluster =   0.03 sec*proc

dcl =   2.59 sec*proc

docker =   0.00 sec*proc

imgact =   0.01 sec*proc

install =   0.03 sec*proc

integration =   2.62 sec*proc

lnm =   0.00 sec*proc

process =   0.00 sec*proc

queue =   0.00 sec*proc

rms =   0.01 sec*proc

scs =   0.03 sec*proc

ssh =   0.00 sec*proc

unit =   0.09 sec*proc

vmsfs =   0.00 sec*proc

